0xEf6B4cE8C9Bc83744fbcdE2657b32eC18790458A
0x5Af2Be193a6ABCa9c8817001F45744777Db30756
0x59416A25628A76b4730eC51486114c32E0B582A1
0xE50365f5D679CB98a1dd62D6F6e58e59321BcdDf
0xFcD862985628b254061F7A918035B80340D045d3
0x5c6183d10A00CD747a6Dbb5F658aD514383e9419
0x66eb65D7Ab8e9567ba0fa6E37c305956c5341574
0x6F6DEb5db0C4994A8283A01D6CFeEB27Fc3bBe9C
0x105d97ef2E723f1cfb24519Bc6fF15a6D091a3F1
0x105d97ef2E723f1cfb24519Bc6fF15a6D091a3F1
0x4D9e23a3842fE7Eb7682B9725cF6c507C424A41B
0x96A65609a7B84E8842732DEB08f56C3E21aC6f8a
0xeb269732ab75A6fD61Ea60b06fE994cD32a83549
0x28577A6d31559bd265Ce3ADB62d0458550F7b8a7
0x047187e53477be70DBe8Ea5B799318f2e165052F
0x74C1E4b8caE59269ec1D85D3D4F324396048F4ac
0x74C1E4b8caE59269ec1D85D3D4F324396048F4ac
0x3618516F45CD3c913F81F9987AF41077932Bc40d
0x2a3Aa9ECA41E720Ed46B5A70D6C37EfA47f768Ac
0x2a3Aa9ECA41E720Ed46B5A70D6C37EfA47f768Ac
0x24DCc881E7Dd730546834452F21872D5cb4b5293
0x2108E62D335Bbdc89eC3E9d8582F18DCFB0cDFf4
0x2108E62D335Bbdc89eC3E9d8582F18DCFB0cDFf4
0x1ed2B1eaEd8e968bc36EB90a914660A71827A5E9
0xE3Fa177AcecfB86721Cf6f9f4206bd3Bd672D7d5
0xdd94De9cFE063577051A5eb7465D08317d8808B6
0xdd94De9cFE063577051A5eb7465D08317d8808B6
0xcE59d29b09aAE565fEEEf8E52f47c3CD5368C663
0xe3831c5A982B279A198456D577cfb90424cb6340
0xe3831c5A982B279A198456D577cfb90424cb6340
0x28c8d01FF633eA9Cd8fc6a451D7457889E698de6
0x12480E24eb5bec1a9D4369CaB6a80caD3c0A377A
0x9002D4485b7594e3E850F0a206713B305113f69e
0x6c6EE5e31d828De241282B9606C8e98Ea48526E2
0xE4c94d45f7Aef7018a5D66f44aF780ec6023378e
0xE4c94d45f7Aef7018a5D66f44aF780ec6023378e
0x6fFF3806Bbac52A20e0d79BC538d527f6a22c96b
0xE8663A64A96169ff4d95b4299E7ae9a76b905B31
0xD65960FAcb8E4a2dFcb2C2212cb2e44a02e2a57E
0x8eFFd494eB698cc399AF6231fCcd39E08fd20B15
0xBB1fA4FdEB3459733bF67EbC6f893003fA976a82
0x2e071D2966Aa7D8dECB1005885bA1977D6038A65
0x2C4e8f2D746113d0696cE89B35F0d8bF88E0AEcA
0x86Fa049857E0209aa7D9e616F7eb3b3B78ECfdb0
0xaBbBB6447B68ffD6141DA77C18c7B5876eD6c5ab
0xa33e729bf4fdeb868B534e1f20523463D9C46bEe
0x4E84E9e5fb0A972628Cf4568c403167EF1D40431
0x12fCd6463E66974cF7bBC24FFC4d40d6bE458283
0xf53AD2c6851052A81B42133467480961B2321C09
0x6BEB418Fc6E1958204aC8baddCf109B8E9694966
0x4cA74185532DC1789527194e5B9c866dD33F4E82
0x5c743a35E903F6c584514ec617ACEe0611Cf44f3
0xF3d29Fb98D2DC5E78c87198DEEF99377345fD6F1
0x514910771AF9Ca656af840dff83E8264EcF986CA
0xbf52F2ab39e26E0951d2a02b49B7702aBe30406a
0x1234567461d3f8Db7496581774Bd869C83D51c93
0x4Cd988AfBad37289BAAf53C13e98E2BD46aAEa8c
0xE2E6D4BE086c6938B53B22144855eef674281639
0xE9fF07809CCff05daE74990e25831d0Bc5cbe575
0x9469D013805bFfB7D3DEBe5E7839237e535ec483
0x0073e5E52E2B4fE218D75d994eE2B3c82f9C87EA
0x78fE18e41f436e1981a3a60D1557c8a7a9370461
0x3839d8ba312751Aa0248fEd6a8bACB84308E20Ed
0x1543d0F83489e82A1344DF6827B23d541F235A50
0xC16b542ff490e01fcc0DC58a60e1EFdc3e357cA6
0xF5DCe57282A584D2746FaF1593d3121Fcac444dC
0x7F2176cEB16dcb648dc924eff617c3dC2BEfd30d
0xe43ac1714F7394173b15E7CfF31A63d523Ce4fB9
0xec67005c4E498Ec7f55E092bd1d35cbC47C91892
0x9AF839687F6C94542ac5ece2e317dAAE355493A1
0xb67734521eAbBE9C773729dB73E16CC2dfb20A58
0x3F17Dd476faF0a4855572F0B6ed5115D9bBA22AD
0xC66eA802717bFb9833400264Dd12c2bCeAa34a6d
0xC66eA802717bFb9833400264Dd12c2bCeAa34a6d
0x86E56f3c89a14528858e58B3De48c074538BAf2c
0x5c543e7AE0A1104f78406C340E9C64FD9fCE5170
0x5c543e7AE0A1104f78406C340E9C64FD9fCE5170
0xb0D926c1BC3d78064F3e1075D5bD9A24F35Ae6C5
0x809826cceAb68c387726af962713b64Cb5Cb3CCA
0x123aB195DD38B1b40510d467a6a359b201af056f
0xE0B7927c4aF23765Cb51314A0E0521A9645F0E2A
0xE0B7927c4aF23765Cb51314A0E0521A9645F0E2A
0x89cbeAC5E8A13F0Ebb4C74fAdFC69bE81A501106
0x1Ca43a170BaD619322e6f54d46b57e504dB663aA
0x8F936fE0faF0604c9C0Ef2406bde0A65365515d6
0x8F936fE0faF0604c9C0Ef2406bde0A65365515d6
0xE7775A6e9Bcf904eb39DA2b68c5efb4F9360e08C
0x1B5f21ee98eed48d292e8e2d3Ed82b40a9728A22
0x986EE2B944c42D017F52Af21c4c69B84DBeA35d8
0xAd8DD4c725dE1D31b9E8F8D146089e9DC6882093
0xF6B55acBBC49f4524Aa48D19281A9A77c54DE10f
0x4a527d8fc13C5203AB24BA0944F4Cb14658D1Db6
0x90162f41886c0946D09999736f1C15c8a105A421
0xB1eeF147028E9f480DbC5ccaA3277D417D1b85F0
0xF03f8D65BaFA598611C3495124093c56e8F638f0
0x859a9C0b44cb7066D956a958B0b82e54C9e44b4B
0x0E3de3B0E3D617FD8D1D8088639bA877feb4d742
0x68e14bb5A45B9681327E16E528084B9d962C1a39
0xEEF6E90034eEa89E31Eb4B8eaCd323F28A92eaE4
0x386467F1f3ddbE832448650418311a479EECFC57
0x5b26C5D0772E5bbaC8b3182AE9a13f9BB2D03765
0xEB9951021698B42e4399f9cBb6267Aa35F82D59D
0xEB9951021698B42e4399f9cBb6267Aa35F82D59D
0x5DBAC24e98E2a4f43ADC0DC82Af403fca063Ce2c
0x523630976eB6147621B5c31c781eBe2Ec2a806E0
0x523630976eB6147621B5c31c781eBe2Ec2a806E0
0x7A41e0517a5ecA4FdbC7FbebA4D4c47B9fF6DC63
0xeDBaF3c5100302dCddA53269322f3730b1F0416d
0xeDBaF3c5100302dCddA53269322f3730b1F0416d
0x41f615E24fAbd2b097a320E9E6c1f448cb40521c
0xB15fE5a123e647ba594CEa7A1E648646f95EB4AA
0xB15fE5a123e647ba594CEa7A1E648646f95EB4AA
0x89d24A6b4CcB1B6fAA2625fE562bDD9a23260359
0x014B50466590340D41307Cc54DCee990c8D58aa8
0xB31C219959E06f9aFBeB36b388a4BaD13E802725
0xBEB9eF514a379B997e0798FDcC901Ee474B6D9A1
0xCc13Fc627EFfd6E35D2D2706Ea3C4D7396c610ea
0x286BDA1413a2Df81731D4930ce2F862a35A609fE
0xFf3519eeeEA3e76F1F699CCcE5E23ee0bdDa41aC
0xFf3519eeeEA3e76F1F699CCcE5E23ee0bdDa41aC
0x574B36BceD443338875d171CC377E691f7d4F887
0x2accaB9cb7a48c3E82286F0b2f8798D201F4eC3f
0x92685E93956537c25Bb75D5d47fca4266dd628B8
0xb5A5F22694352C15B00323844aD545ABb2B11028
0xb5A5F22694352C15B00323844aD545ABb2B11028
0x6aEDbF8dFF31437220dF351950Ba2a3362168d1b
0x6aEDbF8dFF31437220dF351950Ba2a3362168d1b
0x82fdedfB7635441aA5A92791D001fA7388da8025
0x76974C7B79dC8a6a109Fd71fd7cEb9E40eff5382
0x7314Dc4d7794b5E7894212CA1556ae8e3De58621
0x7314Dc4d7794b5E7894212CA1556ae8e3De58621
0x6f95a3B682F8e9aacC86D057A6DF88A0E68145A8
0x6f95a3B682F8e9aacC86D057A6DF88A0E68145A8
0xa1bAccA0e12D4091Ec1f92e7CaE3394CC9854D3D
0xa1bAccA0e12D4091Ec1f92e7CaE3394CC9854D3D
0x4C572Fbc03D4A2B683cF4f10ffdcaFD00885E108
0x4C572Fbc03D4A2B683cF4f10ffdcaFD00885E108
0x95D7321EdCe519419ba1DbC60A89bAfbF55EAC0D
0x95D7321EdCe519419ba1DbC60A89bAfbF55EAC0D
0xFD5a69A1309595FF5121553F52C8A5B2B1B31031
0xFD5a69A1309595FF5121553F52C8A5B2B1B31031
0x8667559254241ddeD4d11392f868d72092765367
0x8667559254241ddeD4d11392f868d72092765367
0xeF7FfF64389B814A946f3E92105513705CA6B990
0xeF7FfF64389B814A946f3E92105513705CA6B990
0x4A6e6C3868A279e1D9047B42C3fB356FF4680003
0x4A6e6C3868A279e1D9047B42C3fB356FF4680003
0x4733659a5cB7896A65c918Add6f59C5148FB5ffa
0x4733659a5cB7896A65c918Add6f59C5148FB5ffa
0x3C67f7D4decF7795225f51b54134F81137385f83
0x3C67f7D4decF7795225f51b54134F81137385f83
0xc57538846Ec405Ea25Deb00e0f9B29a432D53507
0xc57538846Ec405Ea25Deb00e0f9B29a432D53507
0xC4375B7De8af5a38a93548eb8453a498222C4fF2
0xC4375B7De8af5a38a93548eb8453a498222C4fF2
0x6Ff6C0Ff1d68b964901F986d4C9FA3ac68346570
0x6Ff6C0Ff1d68b964901F986d4C9FA3ac68346570
0xB18845c260F680d5B9D84649638813E342E4F8C9
0xB18845c260F680d5B9D84649638813E342E4F8C9
0x323B5d4C32345ced77393B3530b1EeD0f346429D
0x323B5d4C32345ced77393B3530b1EeD0f346429D
0xAaF64BFCC32d0F15873a02163e7E500671a4ffcD
0xAaF64BFCC32d0F15873a02163e7E500671a4ffcD
0xeeE3870657E4716670f185dF08652dd848fe8f7e
0xeeE3870657E4716670f185dF08652dd848fe8f7e
0x1Dad4783cf3fe3085C1426157aB175A6119A04bA
0x1Dad4783cf3fe3085C1426157aB175A6119A04bA
0x08533D6A06CE365298b12Ef92eb407cBA8Aa8273
0x08533D6A06CE365298b12Ef92eb407cBA8Aa8273
0x94aD7e41c1D44022C4F47cb1Ba019Fd1a022c536
0x94aD7e41c1D44022C4F47cb1Ba019Fd1a022c536
0x5e1715bB79805Bd672729760B3f7F34D6f485098
0x5e1715bB79805Bd672729760B3f7F34D6f485098
0x4b4899a10F3E507DB207b0ee2426029eFa168a67
0x4b4899a10F3E507DB207b0ee2426029eFa168a67
0xFF3bF057ADF3b0E015b6465331a6236e55688274
0xFF3bF057ADF3b0E015b6465331a6236e55688274
0x991e7Fe4b05f2b3db1D788e705963f5D647b0044
0x991e7Fe4b05f2b3db1D788e705963f5D647b0044
0x7af963cF6D228E564e2A0aA0DdBF06210B38615D
0x7af963cF6D228E564e2A0aA0DdBF06210B38615D
0x8B65d4B7ee3FFFA986C577F0F4b70a21BaE3dD54
0x8B65d4B7ee3FFFA986C577F0F4b70a21BaE3dD54
0x2d427D9E535e4382606B93290dcC13a5e9A694Be
0x2d427D9E535e4382606B93290dcC13a5e9A694Be
0x3615757011112560521536258c1E7325Ae3b48AE
0x3615757011112560521536258c1E7325Ae3b48AE
0x398A7A69f3c59181A1ffe34bed11DCb5DF863A8a
0x398A7A69f3c59181A1ffe34bed11DCb5DF863A8a
0x0A057a87CE9C56D7e336B417c79cf30E8d27860B
0x0A057a87CE9C56D7e336B417c79cf30E8d27860B
0x6475A7FA6Ed2D5180F0e0a07c2d951D12C0EDB91
0x6475A7FA6Ed2D5180F0e0a07c2d951D12C0EDB91
0x275A5B346599b56917e7B1C9de019DCf9EaD861a
0x275A5B346599b56917e7B1C9de019DCf9EaD861a
0xe27826eE778B6F78a49a686dA7D64f6E7b084a4f
0xe27826eE778B6F78a49a686dA7D64f6E7b084a4f
0xf1e6Ad3a7eF0c86c915F0feDF80eD851809bEA90
0xf1e6Ad3a7eF0c86c915F0feDF80eD851809bEA90
0x12fE174C097F6B3e876B3b060C9061F4B9dEBB80
0x12fE174C097F6B3e876B3b060C9061F4B9dEBB80
0x72ea3508D9d817A91465aBb59bE10FEF9857A055
0x72ea3508D9d817A91465aBb59bE10FEF9857A055
0x0146B9dCd9FB2ABC1b5B136C28D20d0037526961
0x0146B9dCd9FB2ABC1b5B136C28D20d0037526961
0x085fb4f24031EAedbC2B611AA528f22343eB52Db
0x085fb4f24031EAedbC2B611AA528f22343eB52Db
0x76d0184CF511788032A74a1FB91146e63F43dd53
0x76d0184CF511788032A74a1FB91146e63F43dd53
0x6ADa6F48C815689502C43eC1a59F1b5DD3C04E1F
0x6ADa6F48C815689502C43eC1a59F1b5DD3C04E1F