0x881Ef48211982D01E2CB7092C915E647Cd40D85C
0xc3bC9Eb71f75Ec439A6b6C8E8b746fCF5b62F703
0x0a9A9ce600D08BF9b76F49FA4e7b38A67EBEB1E6
0xcb03bec536843D338ac138205a6689d4cDc11046
0xf0Ee6b27b759C9893Ce4f094b49ad28fd15A23e4
0x6a0A97E47d15aAd1D132a1Ac79a480E3F2079063
0x141ABB03F001dEDED9A0223d4ff26d929117B72e
0x7e667525521cF61352e2E01b50FaaaE7Df39749a
0x84543F868eC1b1FAC510d49d13C069f64cD2d5f9
0x931684139f756C24eC0731E9F74FE50e5548dDeF
0xd99b8A7fA48E25Cce83B81812220A3E03Bf64e5f
0x773450335eD4ec3DB45aF74f34F2c85348645D39
0x9eFa0e2387E4CBA02a6E4E6594b8f4Dd209a0b93
0x49bD2DA75b1F7AF1E4dFd6b1125FEcDe59dBec58
0x3930E4dDb4d24ef2F4CB54C1f009a3694b708428
0xB9bb08AB7E9Fa0A1356bd4A39eC0ca267E03b0b3
0x2604FA406Be957E542BEb89E6754fCdE6815e83f
0x1b22C32cD936cB97C28C5690a0695a82Abf688e6
0x8eB24319393716668D768dCEC29356ae9CfFe285
0x0675DAa94725A528b05A3A88635C03EA964BFA7E
0x45e42D659D9f9466cD5DF622506033145a9b89Bc
0x960b236A07cf122663c4303350609A66A7B288C0
0x4CC8486F2F3dCE2d3B5E27057Cf565e16906D12D
0x765f0C16D1Ddc279295c1a7C24B0883F62d33F75
0xC86D054809623432210c107af2e3F619DcFbf652
0xdfC3e857c8cCEA7657E0ed98AB92e048e38deE0f
0x2a8E98e256f32259b5E5Cb55Dd63C8e891950666
0x26E75307Fc0C021472fEb8F727839531F112f317
0xf85fEea2FdD81d51177F6b8F35F0e6734Ce45F5F
0xDd6C68bb32462e01705011a4e2Ad1a60740f217F
0x2C9023bBc572ff8dc1228c7858A280046Ea8C9E5
0x827Fe1736CEe36F7737Be6cF502434aF294Cf137
0x37E8789bB9996CaC9156cD5F5Fd32599E6b91289
0x2cF618c19041D9Db330d8222B860A624021F30fb
0x315cE59FAFd3A8d562b7Ec1C8542382d2710b06c
0x44197A4c44D6A059297cAf6be4F7e172BD56Caaf
0x8400D94A5cb0fa0D041a3788e395285d61c9ee5e
0x5A567e28dbFa2bBD3ef13C0a01be114745349657
0x1063ce524265d5a3A624f4914acd573dD89ce988
0x05aAaA829Afa407D83315cDED1d45EB16025910c
0x69BEaB403438253f13b6e92Db91F7FB849258263
0xd341d1680Eeee3255b8C4c75bCCE7EB57f144dAe
0x5554e04e76533E1d14c52f05beEF6c9d329E1E30
0x16EA01aCB4b0Bca2000ee5473348B6937ee6f72F
0xb45d7Bc4cEBcAB98aD09BABDF8C818B2292B672c
0x8dd5fbCe2F6a956C3022bA3663759011Dd51e73E
0xf6b6AA0Ef0f5Edc2C1c5d925477F97eAF66303e7
0x0C6144c16af288948C8fdB37fD8fEc94bfF3d1d9
0x0F33bb20a282A7649C7B3AFf644F084a9348e933
0x497bAEF294c11a5f0f5Bea3f2AdB3073DB448B56
0x27Dce1eC4d3f72C3E457Cc50354f1F975dDEf488
0x77599D2C6DB170224243e255e6669280F11F1473
0x106Aa49295B525fcf959aA75eC3f7dCbF5352f1C
0xf7B098298f7C69Fc14610bf71d5e02c60792894C
0xf97b5d65Da6b0468b90D531ddae2a69843e6797d
0x0E8d6b471e332F140e7d9dbB99E5E3822F728DA6
0xE5a7c12972f3bbFe70ed29521C8949b8Af6a0970
0x679131F591B4f369acB8cd8c51E68596806c3916
0xb3104b4B9Da82025E8b9F8Fb28b3553ce2f67069
0x0D6DD9f68d24EC1d5fE2174f3EC8DAB52B52BaF5
0x20F7A3DdF244dc9299975b4Da1C39F8D5D75f05A
0x9DAe8b7F6D37ea8e5d32C6c3E856a6d8a1d3B363
0xC87c5dD86A3d567fF28701886fB0745aaa898da4
0x4270bb238f6DD8B1c3ca01f96CA65b2647c06D3C
0x22E5F62D0FA19974749faa194e3d3eF6d89c08d7
0xBB9bc244D798123fDe783fCc1C72d3Bb8C189413
0x8aA33A7899FCC8eA5fBe6A608A109c3893A1B8b2
0xd234BF2410a0009dF9c3C63b610c09738f18ccD7
0xe8A1Df958bE379045E2B46a31A98B93A2eCDfDeD
0xF9D9702D031407F425a4412682fDc56b07d05262
0xb2F7EB1f2c37645bE61d73953035360e768D81E6
0x5E6b6d9aBAd9093fdc861Ea1600eBa1b355Cd940
0x83e2BE8d114F9661221384B3a50d24B96a5653F5
0x88AE96845e157558ef59e9Ff90E766E22E480390
0x13119E34E140097a507B07a5564bDe1bC375D9e6
0xBA3a79D758f19eFe588247388754b8e4d6EddA81
0x2bDC0D42996017fCe214b21607a515DA41A9E0C5
0xb3616550aBc8AF79c7A5902DEF9Efa3bC9A95200
0xaAAf91D9b90dF800Df4F55c205fd6989c977E73a
0x27054b13b1B798B345b591a4d22e6562d47eA75a
0xAAf37055188Feee4869dE63464937e683d61b2a1
0xB91318F35Bdb262E9423Bc7c7c2A3A93DD93C92C
0xEfbB3F1058fd8E0C9d7204f532E17d7572AFfc3e
0xA024E8057EEC474a9b2356833707Dd0579E26eF3
0x9E77D5a1251b6F7D456722A6eaC6D2d5980bd891
0x9e88613418cF03dCa54D6a2cf6Ad934A78C7A17A
0xF4FE95603881D0e07954fD7605E0e9a916e42C44
0x4DC3643DbC642b72C158E7F3d2ff232df61cb6CE
0x3c75226555FC496168d48B88DF83B95F16771F37
0xE34e1944E776f39B9252790a0527eBDa647aE668
0x336F646F87D9f6bC6Ed42Dd46E8b3fD9DbD15C22
0x0F513fFb4926ff82D7F60A05069047AcA295C413
0x98F5e9b7F0e33956C0443E81bF7deB8B5b1ed545
0xEcE83617Db208Ad255Ad4f45Daf81E25137535bb
0x4DF812F6064def1e5e029f1ca858777CC98D2D81
0x3543638eD4a9006E4840B105944271Bcea15605D
0x63f584FA56E60e4D0fE8802b27C7e6E3b33E007f
0xBA187B09fFA8DDdc80d2571eD3cbC4Be0Af69E0c
0x53148Bb4551707edF51a1e8d7A93698d18931225
0x4A37A91eec4C97F9090CE66d21D3B3Aadf1aE5aD
0xAbdf147870235FcFC34153828c769A70B3FAe01F
0x5D858bcd53E085920620549214a8b27CE2f04670
0xc58c0Fca06908E66540102356f2E91edCaEB8D81
0x31910AFF5545784755970aE1fBE7fE65d5F0eEa2
0x1BcBc54166F6bA149934870b60506199b6C9dB6D
0x423e4322CDDa29156b49a17dfbd2aCC4b280600D
0x814CAfd4782d2e728170FDA68257983F03321c58
0xB24754bE79281553dc1adC160ddF5Cd9b74361a4
0xa19bbEf64eFF0D060a653e4DF10a57B6d8006d3E
0xfdcc07Ab60660de533b5Ad26e1457b565a9D59Bd
0xdab0C31BF34C897Fb0Fe90D12EC9401caf5c36Ec
0x01b3Ec4aAe1B8729529BEB4965F27d008788B0EB
0x9e3319636e2126e3c0bc9e3134AEC5e1508A46c7
0x3597bfD533a99c9aa083587B074434E61Eb0A258
0xF813F3902bBc00A6DCe378634d3B79D84F9803d7
0xD9A12Cde03a86E800496469858De8581D3A5353d
0xDF2C7238198Ad8B389666574f2d8bc411A4b7428
0x57C75ECCc8557136D32619a191fBCDc88560d711
0x3a26746Ddb79B1B8e4450e3F4FFE3285A307387E
0xd26114cd6EE289AccF82350c8d8487fedB8A0C07
0x0f8c45B896784A1E408526B9300519ef8660209c
0x38c6A68304cdEfb9BEc48BbFaABA5C5B47818bb2
0x0Ebb614204E47c09B6C3FeB9AAeCad8EE060E23E
0x8971f9fd7196e5cEE2C1032B50F656855af7Dd26
0x4a57E687b9126435a9B19E4A802113e266AdeBde
0xB23be73573bC7E03DB6e5dfc62405368716d28a8
0x0F02e27745e3b6e9e1310d19469e2b5D7B5eC99A
0xF3b3Cad094B89392fcE5faFD40bC03b80F2Bc624
0x59061b6f26BB4A9cE5828A19d35CFD5A4B80F056
0xf230b790E05390FC8295F4d3F60332c93BEd42e2
0x38c87AA89B2B8cD9B95b736e1Fa7b612EA972169
0xEA38eAa3C86c8F9B751533Ba2E562deb9acDED40
0x4470BB87d77b963A013DB939BE332f927f2b992e
0xCDB7eCFd3403Eef3882c65B761ef9B5054890a47
0xab95E915c123fdEd5BDfB6325e35ef5515F1EA69
0xBe428c3867F05deA2A89Fc76a102b544eaC7f772
0x8b353021189375591723E7384262F45709A3C3dC
0x062e3Be6a7C56A395b1881A0cD69A4923Ade4fa2
0xC2C63F23ec5E97efbD7565dF9Ec764FDc7d4e91d
0x5aaEFe84E0fB3DD1f0fCfF6fA7468124986B91bd
0xFFAA5ffc455d9131f8A2713A741fD1960330508B
0xEF2463099360a085f1f10b076Ed72Ef625497a06
0xF26ef5E0545384b7Dcc0f297F2674189586830DF
0x9501BFc48897DCEEadf73113EF635d2fF7ee4B97
0x08d32b0da63e2C3bcF8019c9c5d849d7a9d791e6
0x66186008C1050627F979d464eABb258860563dbE
0xFA456Cf55250A839088b27EE32A424d7DAcB54Ff
0x444997b7e7fC830E20089afea3078cd518fCF2A2
0x420167D87d35c3A249b32Ef6225872fBD9aB85D2
0x8f3470A7388c05eE4e7AF3d01D8C722b0FF52374
0x887834D3b8D450B6bAB109c252Df3DA286d73CE4
0x1F573D6Fb3F13d689FF844B4cE37794d79a7FF1C
0xaE4f56F072c34C0a65B3ae3E4DB797D831439D93
0xb1CD6e4153B2a390Cf00A6556b0fC1458C4A5533
0x5f4506dB5b568e103532F84d32A285cDd5Aa5751
0x74CEDa77281b339142A36817Fa5F9E29412bAb85
0x672a1AD4f667FB18A333Af13667aa0Af1F5b5bDD
0x080aa07E2C7185150d7e4DA98838A8d2feac3dfC
0xBb1f24C0c1554b9990222f036b0AaD6Ee4CAec29
0x06012c8cf97BEaD5deAe237070F9587f8E7A266d
0x4d829f8C92a6691c56300D020c9e0dB984Cfe2BA
0x0D262e5dC4A06a0F1c90cE79C7a60C09DfC884E4
0xd94F2778e2B3913C53637Ae60647598bE588c570
0xE6DfBF1FAcA95036B8E76e1Fb28933D025B76Cc0
0x55b9a11c2e8351b4Ffc7b11561148bfaC9977855
0xBE11eEb186e624b8f26A5045575a1340E4054552
0x7A5fF295Dc8239d5C2374E4D894202aAF029Cab6
0xf3Db5Fa2C66B7aF3Eb0C0b782510816cbe4813b8
0xc798cd1c49db0E297312E4c682752668CE1dB2AD
0x71396a6410249725C5609646c4e449C6c4d41E27
0x26aC29dC25806199373cb4884AA9E077a0587c5b
0x198A87b3114143913d4229Fb0f6D4BCb44aa8AFF
0x9910f4AeD4A7550A4120ad7da8dF8b56E91197Fa
0xa578aCc0cB7875781b7880903F4594D13cFa8B98
0xD6b107D3E45B959B6d13FAF1bb2a2CF8fC7025e6
0xa44E5137293E855B1b7bC7E2C6f8cD796fFCB037
0xfec0cF7fE078a500abf15F1284958F22049c2C7e
0x464eBE77c293E473B48cFe96dDCf88fcF7bFDAC0
0x0D9a10a0466B7E9AD693e24993f5105bfDb240e3
0x30FEF258d2728F9d1eDF038059c725FAf785697E
0x9f8F72aA9304c8B593d555F12eF6589cC3A579A2
0x95dAaaB98046846bF4B2853e23cba236fa394A31
0xf3db7560E820834658B590C96234c333Cd3D5E5e
0xEA097A2b1dB00627B2Fa17460Ad260c016016977
0x4289c043A12392F1027307fB58272D8EBd853912
0x017B584AcFD16D767541aE9e80cdc702F4527B0b
0xEF68e7C694F40c8202821eDF525dE3782458639f
0x1e49fF77c355A3e38D6651ce8404AF0E48c5395f
0x75Aa7B0d02532f3833b66c7f0Ad35376d373ddF8
0x3136eF851592aCf49CA4C825131E364170FA32b3
0xd8950fDeaa10304B7A7Fd03a2FC66BC39f3c711a
0xB8c77482e45F1F44dE1745F52C74426C631bDD52
0x0F4CA92660Efad97a9a70CB0fe969c755439772C
0x588047365dF5BA589F923604AAC23d673555c623
0xcB3F902bf97626391bF8bA87264bbC3DC13469be
0x431ad2ff6a9C365805eBaD47Ee021148d6f7DBe0
0x8727c112C712c4a03371AC87a74dD6aB104Af768
0xD0352a019e9AB9d757776F532377aAEbd36Fd541
0x88d50B466BE55222019D71F9E8fAe17f5f45FCA1
0x5B0751713b2527d7f002c0c4e2a37e1219610A6B
0xf4c571fb6DD704E58561Cdd275fa4B80cFe82f76
0xED82730312babb41367E060911F798002FFA445F
0x0C91B015AbA6f7B4738dcD36E7410138b29ADC29
0x92E78dAe1315067a8819EFD6dCA432de9DCdE2e9
0xe25b0BBA01Dc5630312B6A21927E578061A13f55
0xB62132e35a6c13ee1EE0f84dC5d40bad8d815206
0x51DB5Ad35C671a87207d88fC11d593AC0C8415bd
0x84119cb33E8F590D75c2D6Ea4e6B0741a7494EDA
0xCc2a74b28E786Fac86bE3CA354B1941c25aB3EaB
0xBa7DCBa2Ade319Bc772DB4df75A76BA00dFb31b0
0x0000852600CEB001E08e00bC008be620d60031F2
0xE64509F0bf07ce2d29A7eF19A8A9bc065477C1B4
0x7367A68039d4704f30BfBF6d948020C3B07DFC59
0x4e84A65B5664D33B67750771F8bEAeC458bD6729
0x2C3C1F05187dBa7A5f2Dd47Dca57281C4d4F183F
0x519475b31653E46D20cD09F9FdcF3B12BDAcB4f5
0x378903a03FB2C3AC76BB52773e3CE11340377A32
0x0b1724cc9FDA0186911EF6a75949e9c0d3F0f2F3
0x0AbdAce70D3790235af448C88547603b945604ea
0x954b5De09A55e59755aCBda29e1Eb74A45D30175
0x5e3346444010135322268a4630d2ED5F8D09446c
0x999Aa6488f076e6765448f090Aba83FbB470fC99
0x9541FD8B9b5FA97381783783CeBF2F5fA793C262
0x694404595e3075A942397F466AAcD462FF1a7BD0
0x4f27053F32edA8Af84956437Bc00e5fFa7003287
0x3f4B726668da46f5e0E75aA5D478ACEc9f38210F
0x26DB5439F651CAF491A87d48799dA81F191bDB6b
0x5c3a228510D246b78a3765C20221Cbf3082b44a4
0x539EfE69bCDd21a83eFD9122571a64CC25e0282b
0x2adba23Cf1252dE095aCEd801e758b369EC10426
0x88A3E4F35D64aAD41A6d4030ac9AFE4356cB84fA
0x7705FaA34B16EB6d77Dfc7812be2367ba6B0248e
0x8e1b448EC7aDFc7Fa35FC2e885678bD323176E34
0xcbeAEc699431857FDB4d37aDDBBdc20E132D4903
0x814964b1bceAf24e26296D031EaDf134a2Ca4105
0x9992eC3cF6A55b00978cdDF2b27BC6882d88D1eC
0x00000000441378008EA67F4284A57932B1c000a5
0x5FB9E9C359CC7191b0293d2FAF1cC41cE3688D75
0xBF8d8F1242b95dfBAe532aF6B0F4463905415CC1
0xd9A8cfe21C232D485065cb62a96866799d4645f7
0x39013F961c378f02C2b82A6E1d31E9812786FD9D
0xCA0e7269600d353F70b14Ad118A49575455C0f2f
0x1e797Ce986C3CFF4472F7D38d5C4aba55DfEFE40
0x5B2e4a700dfBc560061e957edec8F6EeEb74a320
0xB22c2786a549B008517B67625f5296E8fAf9589e
0x9a9bB9b4b11BF8eccff84B58a6CCCCD4058A7f0D
0x33f90Dee07c6E8B9682dD20F73E6C358B2ED0f03
0x0DB8D8b76BC361bAcbB72E2C491E06085A97Ab31
0x28dee01D53FED0Edf5f6E310BF8Ef9311513Ae40
0x55F93985431Fc9304077687a35A1BA103dC1e081
0xb6EE9668771a79be7967ee29a63D4184F8097143
0x147c9130C5809367c5f2da7be0D6355D2795B081
0x8Ae56a6850a7cbeaC3c3Ab2cB311e7620167eAC8
0x746DdA2ea243400D5a63e0700F190aB79f06489e
0xfAE4Ee59CDd86e3Be9e8b90b53AA866327D7c090
0xfb96a8d7F1D7e1D7bce03903E49f45b123501e26
0x7654915A1b82D6D2D0AFc37c52Af556eA8983c7E
0x2a093BcF0C98Ef744Bb6F69D74f2F85605324290
0x4a6058666cf1057eaC3CD3A5a614620547559fc9
0x7FCcaDee21660425FDEc86029b6362845ffC052C
0x153eD9CC1b792979d2Bde0BBF45CC2A7e436a5F9
0x4c383bDCae52a6e1cb810C76C70d6f31A249eC9B
0x41AB1b6fcbB2fA9DCEd81aCbdeC13Ea6315F2Bf2
0x4527a3B4A8A150403090a99b87efFC96F2195047
0x03C780cD554598592B97b7256dDAad759945b125
0x0d88eD6E74bbFD96B831231638b66C05571e824F
0xc36e2C02e64585c15794B8e25E826d50b15fd878
0xFFE02ee4C69eDf1b340fCaD64fbd6b37a7b9e265
0xA40106134c5bF4c41411554e6db99B95A15ed9d8
0xfa05A73FfE78ef8f1a739473e462c54bae6567D9
0xbdEB4b83251Fb146687fa19D1C660F99411eefe3
0xC39E626A04C5971D770e319760D7926502975e47
0x65A15014964F2102Ff58647e16a16a6B9E14bCF6
0x81b4D08645DA11374a03749AB170836E4e539767
0xc98e0639c6d2EC037A615341c369666B110e80E5
0x48DF4E0296f908CEAb0428A5182D19B31fC037d6
0x58ca3065C0F24C7c96Aee8d6056b5B5deCf9c2f8
0x8E5610ab5E39d26828167640EA29823fe1dD5843
0x4BBbC57aF270138Ef2FF2C50DbfAD684e9E0e604
0x4Ddc2D193948926D02f9B1fE9e1daa0718270ED5
0xb53A96bcBdD9CF78dfF20BAB6C2be7bAec8f00f8
0xA0b86991c6218b36c1d19D4a2e9Eb0cE3606eB48
0xEc32A9725C59855d841ba7d8D9c99c84ff754688
0x5F53f7A8075614b699Baad0bC2c899f4bAd8FBBF
0x171D750d42d661B62C277a6B486ADb82348c3Eca
0x4D807509aECe24C0fa5A102b6a3B059Ec6E14392
0xfCdaE8771F8d28E3B9027AB58F4A20749767a097
0xD850942eF8811f2A866692A623011bDE52a462C1
0x509A38b7a1cC0dcd83Aa9d06214663D9eC7c7F4a
0xc14830E53aA344E8c14603A91229A0b925b0B262
0x2C36204a0712A2a50E54A62F7c4F01867e78cB53
0xE814aeE960a85208C3dB542C53E7D4a6C8D5f60F
0x41875C2332B0877cDFAA699B641402b7D4642c32
0xa74476443119A942dE498590Fe1f2454d7D4aC0d
0xCb5ea3c190d8f82DEADF7ce5Af855dDbf33e3962
0x8F9bfe5b6A5C3fEa8c64ad41a5Cf6f60Ec4aa47c
0xc42209aCcC14029c1012fB5680D95fBd6036E2a0
0xfFe8196bc259E8dEDc544d935786Aa4709eC3E64
0xCd4b4b0F3284a33AC49C67961EC6e111708318Cf
0x994f0DffdbaE0BbF09b652D6f11A493fd33F42B9
0xc96DF921009B790dfFcA412375251ed1A2b75c60
0xdbFb423E9bBF16294388e07696A5120E4CeBA0C5
0xAA19961b6B858D9F18a115f25aa1D98ABc1fdBA8
0xc12d099be31567add4e4e4d0D45691C3F58f5663
0x8188e51Bc678F0070531f0e782718Df0027452De
0x46b9Ad944d1059450Da1163511069C718F699D31
0xfcA47962D45ADFdfd1Ab2D972315dB4ce7CCf094
0xBB49A51Ee5a66ca3a8CbE529379bA44Ba67E6771
0xaFC39788c51f0c1Ff7B55317f3e70299e521Fff6
0xaaB606817809841E8b1168be8779Eeaf6744Ef64
0x7e9e431a0B8c4D532C745B1043c7FA29a48D4fBa
0xaE73B38d1c9A8b274127ec30160a4927C4d71824
0xbD168CbF9d3a375B38dC51A202B5E8a4E52069Ed
0xEF2E9966eb61BB494E5375d5Df8d67B7dB8A780D
0xdD6Bf56CA2ada24c683FAC50E37783e55B57AF9F
0x00c4B398500645eb5dA00a1a379a88B11683ba01
0x10B123FdDde003243199aaD03522065dC05827A0
0x52fb36C83ad33C1824912FC81071cA5eEB8AB390
0xd4fa1460F537bb9085d22C7bcCB5DD450Ef28e3a
0xcA2796F9F61dc7b238Aab043971e49c6164DF375
0x00eA6f91B00E080e816f1bB2faD71b0fe1528983
0x56ba2Ee7890461f463F7be02aAC3099f6d5811A8
0x687174f8C49ceb7729D925C3A961507ea4Ac7b28
0x44bf22949F9cc84b61B9328a9d885d1b5C806b41
0xd82Df0ABD3f51425Eb15ef7580fDA55727875f14
0x41e5560054824eA6B0732E656E3Ad64E20e94E45
0xbD4B60a138b3fce3584EA01f50c0908c18f9677A
0xe23cd160761f63FC3a1cF78Aa034b6cdF97d3E0C
0x3ADfc4999F77D04c8341BAC5F3A76f58DfF5B37A
0xE2492F8D2A2618d8709Ca99b1d8d75713Bd84089
0xB4b1D2C217EC0776584CE08D3DD98F90EDedA44b
0x5121E348e897dAEf1Eef23959Ab290e5557CF274
0x44F588aEeB8C44471439D1270B3603c66a9262F1
0xf75AAcB3c9ab1b14c01C8840370aC2F2B34779D3
0x08f5a9235B08173b7569F83645d2c7fB55e8cCD8
0x9c6Fa42209169bCeA032e401188a6fc3e9C9f59c
0x4545750F39aF6Be4F237B6869D4EccA928Fd5A85
0x4672bAD527107471cB5067a887f4656D585a8A31
0x324A48eBCbB46e61993931eF9D35F6697CD2901b
0xCeD4E93198734dDaFf8492d525Bd258D49eb388E
0x21f0F0fD3141Ee9E11B3d7f13a1028CD515f459c
0x875089A734213cA39f0d93c2BbB8209827ec5e9f
0x7585F835ae2d522722d2684323a0ba83401f32f5
0xa95592DCFfA3C080B4B40E459c5f5692F67DB7F8
0x0886949c1b8C412860c4264Ceb8083d1365e86CF
0xEA26c4aC16D4a5A106820BC8AEE85fd0b7b2b664
0x1A0F2aB46EC630F9FD638029027b552aFA64b94c
0x89205A3A3b2A69De6Dbf7f01ED13B2108B2c43e7
0x4946583c5b86E01cCD30c71a05617D06E3E73060
0x2C82c73d5B34AA015989462b2948cd616a37641F
0x253C7dd074f4BaCb305387F922225A4f737C08bd
0x107c4504cd79C5d2696Ea0030a8dD4e92601B82e
0x7F4B2A690605A7cbb66F7AA6885EbD906a5e2E9E
0x71e8d74fF1C923E369D0e70DFb09866629C4DD35
0x77761e63C05aeE6648FDaeaa9B94248351AF9bCd
0xf333b2Ace992ac2bBD8798bF57Bc65a06184afBa
0x49AeC0752E68D0282Db544C677f6BA407BA17ED7
0x2eb86e8fC520E0F6Bb5D9Af08F924fe70558Ab89
0x9f6513ED2b0DE89218E97DB4A5115ba04Be449f1
0x40395044Ac3c0C57051906dA938B54BD6557F212
0x899338b84D25aC505a332aDCE7402d697D947494
0x8f8221aFbB33998d8584A2B05749bA73c37a938a
0x9344b383b1D59b5ce3468B234DAB43C7190ba735
0xB07ec2c28834B889b1CE527Ca0F19364cD38935c
0x6F7A4bac3315B5082F793161a22e26666d22717f
0x0bb217E40F8a5Cb79Adf04E1aAb60E5abd0dfC1e
0xD8912C10681D8B21Fd3742244f44658dBA12264E
0x614b9802D45Aa1bC2282651dC1408632F9027A6e
0xfd8971d5E8E1740cE2d0A84095fCA4De729d0c16
0xaF4DcE16Da2877f8c9e00544c93B62Ac40631F16
0x61725f3db4004AFE014745B21DAb1E1677CC328b
0x1dABF6Ab0eB8E4208E7E9302CeC7A014068952e4
0x943ED852DadB5C3938ECdC6883718df8142DE4C8
0x4946Fcea7C692606e8908002e55A582af44AC121
0x6fB3e0A217407EFFf7Ca062D46c26E5d60a14d69
0x3dC9a42fa7Afe57BE03c58fD7F4411b1E466C508
0x697beac28B09E122C4332D163985e8a73121b97F
0xc994a2dEb02543Db1f48688438b9903c4b305ce3
0x1EC8fE51a9B6A3a6C427D17d9ECC3060fbc4a45c
0xC1E2097d788d33701BA3Cc2773BF67155ec93FC4
0x1460a58096d80a50a2F1f956DDA497611Fa4f165
0x9AF4f26941677C706cfEcf6D3379FF01bB85D5Ab
0x24AEF3BF1A47561500f9430D74Ed4097C47F51F2
0x1C3BB10dE15C31D5DBE48fbB7B87735d1B7d8c32
0x3A92bD396aEf82af98EbC0Aa9030D25a23B11C6b
0x8A99ED8a1b204903Ee46e733f2c1286F6d20b177
0x4375E7aD8A01B8eC3Ed041399f62D9Cd120e0063
0xabC1280A0187a2020cC675437aed400185F86Db6
0xf1aC7A375429719DE0dde33528e2639B9a206ebA
0x923108a439C4e8C2315c4f6521E5cE95B44e9B4c
0x8A91eEcd3F6b6B7833fD6961E7f654C3d016a068
0x6F59e0461Ae5E2799F1fB3847f05a63B16d0DbF8
0x87f5E8c3425218837f3CB67dB941aF0C01323E56
0x9041Fe5B3FDEA0f5e4afDC17e75180738D877A01
0x5e4ABE6419650CA839Ce5BB7Db422b881a6064bB
0x4355fC160f74328f9b383dF2EC589bB3dFd82Ba0
0xD3C00772B24D997A812249ca637a921e81357701
0x0e0989b1f9B8A38983c2BA8053269Ca62Ec9B195
0x6bC4375083D3aD563dE91caD8438F629841448a5
0xA686514FAF7d54289266F483D1e4852C99E13EC7
0xE2FB6529EF566a080e6d23dE0bd351311087D567
0x1D4cCC31dAB6EA20f461d329a0562C1c58412515
0x009e864923b49263c7F10D19B7f8Ab7a9A5AAd33
0xA9877b1e05D035899131DBd1e403825166D09f92
0xb62d18DeA74045E822352CE4B3EE77319DC5ff2F
0x6710c63432A2De02954fc0f851db07146a6c0312
0x998b3B82bC9dBA173990Be7afb772788B5aCB8Bd
0x19747816A030fECDa3394C6062CDF6b9B4dB0E0b
0x572E6f318056ba0C5d47A422653113843D250691
0x7F969C4D388Ca0AE39A4FdDB1A6f89878CA2fBf8
0xf04a8ac553FceDB5BA99A64799155826C136b0Be
0xCcc85AA8999505d6f886A32da4a107BBe0D1dE9E
0xE41d2489571d322189246DaFA5ebDe1F4699F498
0x7703C35CfFdC5CDa8D27aa3df2F9ba6964544b6e
0xF629cBd94d3791C9250152BD8dfBDF380E2a3B9c
0xbe99B09709fc753b09BCf557A992F6605D5997B0
0xB45a50545bEEAB73F38F31E5973768C421805E5E
0x03e3f0c25965f13DbbC58246738C183E27b26a56
0x9Aa7d119bdf77F65A7284581A211D8c44ffb04b4
0x6E34d8d84764D40f6D7b39cd569Fd017bF53177D
0xd42debE4eDc92Bd5a3FBb4243e1ecCf6d63A4A5d
0xa838be6E4b760E6061D4732D6B9F11Bf578f9A76
0xc8Cac7672f4669685817cF332a33Eb249F085475
0x679BADc551626e01B23CeecEFBc9B877EA18fc46
0xaA7a9CA87d3694B5755f213B5D04094b8d0F0A6F
0x075c60EE2cD308ff47873b38Bd9A0Fa5853382c4
0x09BcA6eBAb05Ee2ae945BE4edA51393d94Bf7b99
0x7627de4B93263a6a7570b8dAfa64bae812e5c394
0x181a63746d3Adcf356CBc73aCE22832FFBB1EE5A
0x37427576324fE1f3625c9102674772d7CF71377d
0x12759512D326303B45f1ceC8F7B6fd96F387778E
0x62087245087125d3DB5B9A3D713d78E7BBc31e54
0xAcfa209Fb73bF3Dd5bBfb1101B9Bc999C49062a5
0x80A7E048F37A50500351C204Cb407766fA3baE7f
0x5d48F293BaED247A2D0189058bA37aa238bD4725
0xfbd0d1c77B501796A35D86cF91d65D9778EeE695
0x83eEA00D838f92dEC4D1475697B9f4D3537b56E3
0x02F2D4a04E6E01aCE88bD2Cd632875543b2eF577
0x70a72833d6bF7F508C8224CE59ea1Ef3d0Ea3A38
0x13C2fab6354d3790D8ece4f0f1a3280b4A25aD96
0x767bA2915EC344015a7938E3eEDfeC2785195D05
0x7A2810d3d859Ed03ede523eB801a3B43B5e8979C
0xD01DB73E047855Efb414e6202098C4Be4Cd2423B
0x69c4BB240cF05D51eeab6985Bab35527d04a8C64
0xFADe17a07ba3B480aA1714c3724a52D4C57d410E
0xC34B21f6F8e51cC965c2393B3ccFa3b82BEb2403
0x5884969Ec0480556E11d119980136a4C17eDDEd1
0x85089389C14Bd9c77FC2b8F0c3d1dC3363Bf06Ef
0x9FbA684D77D2d6A1408C24b60A1f5534e71f5b75
0xE52e75e8a97546f40991b489E92c68eBb386dc97
0xE2D82Dc7dA0E6f882E96846451F4faBcc8f90528
0x2A22e5cCA00a3D63308fa39f29202eB1b39eEf52
0x5F85c60187aB233Ca6e750731D15e7eFd061fBdE
0x12B306fA98F4CbB8d4457FdFf3a0A0a56f07cCdf
0xfeDAE5642668f8636A11987Ff386bfd215F942EE
0xe30e02f049957e2A5907589e06Ba646fB2c321bA
0xBAE235823D7255D9D48635cEd4735227244Cd583
0xe8Ff5C9c75dEb346acAc493C463C8950Be03Dfba
0x27C743954bCe1Bfaef8bcbD685527531001D88D7
0x5CA9a71B1d01849C0a95490Cc00559717fCF0D1d
0xfe5D908c9Ad85f651185dAa6a4770726E2b27d09
0x13f25cd52b21650caa8225C9942337d914C9B030
0x6B87999bE87358065bBdE41e8a0fe0B7b1cd2514
0xfE831929098B5FF5d736105bD68BA9460EF07207
0xdAC17F958D2ee523a2206206994597C13D831ec7
0x17052d51E954592C1046320c2371AbaB6C73Ef10
0x17f8aFB63DfcDcC90ebE6e84F060Cc306A98257D
0xCdCFc0f66c522Fd086A1b725ea3c0Eeb9F9e8814
0xf278c1CA969095ffddDED020290cf8B5C424AcE2
0x6863bE0e7CF7ce860A574760e9020D519a8bDC47
0xd8446236FA95b9b5f9fd0f8E7Df1a944823c683d
0x264Dc2DedCdcbb897561A57CBa5085CA416fb7b4
0x74951B677de32D596EE851A233336926e6A2cd09
0x3883f5e181fccaF8410FA61e12b59BAd963fb645
0xF970b8E36e23F7fC3FD752EeA86f8Be8D83375A6
0xd8B8E1Eca89dA014E67fDbc2014eaA8E171079bF
0x558EC3152e2eb2174905cd19AeA4e34A23DE9aD6
0x93a7174dafd31d13400cD9fa01f4e5B5BAa00D39
0xB63B606Ac810a52cCa15e44bB630fd42D8d1d83d
0x779492d3644dDF4495Aa2d80C468E1B7be6AF1d2
0x41dBECc1cdC5517C6f76f6a6E836aDbEe2754DE3
0x0a1D2fF7156a48131553CF381F220bbedB4eFa37
0x622dFfCc4e83C64ba959530A5a5580687a57581b
0xB2Bfeb70B903F1BAaC7f2ba2c62934C7e5B974C4
0xe7E4279b80D319EDe2889855135A22021baf0907
0xdd974D5C2e2928deA5F71b9825b8b646686BD200
0x3eb91D237e491E0DEE8582c402D85CB440fb6b54
0x056Fd409E1d7A124BD7017459dFEa2F387b6d5Cd
0xEf51c9377FeB29856E61625cAf9390bD0B67eA18
0x78Eb8DC641077F049f910659b6d580E80dC4d237
0x056017c55aE7AE32d12AeF7C679dF83A85ca75Ff
0xBC86727E770de68B1060C91f6BB6945c73e10388
0xCB5A05beF3257613E984C17DbcF039952B6d883F
0x025abAD9e518516fdaAFBDcdB9701b37fb7eF0FA
0x58a4884182d9E835597f405e5F258290E46ae7C2
0xB3319f5D18Bc0D84dD1b4825Dcde5d5f7266d407
0xdA2C424Fc98c741c2d4ef2f42897CEfed897CA75
0x0fF161071e627A0E6de138105C73970F86ca7922
0xf49CDD50aD408d387d611F88A647179C3de3492b
0x621d78f2EF2fd937BFca696CabaF9A779F59B3Ed
0x5D9776472483eE2c2B204775547BFf6db5A30Fed
0x3833ddA0AEB6947b98cE454d89366cBA8Cc55528
0x20E94867794dBA030Ee287F1406E100d03C84Cd3
0xC958e9FB59724f8b0927426a8836F1158F0d03cf
0x68909e586eeAC8F47315e84B4c9788DD54Ef65Bb
0x4D8fc1453a0F359e99c9675954e656D80d996FbF
0xE94327D07Fc17907b4DB788E5aDf2ed424adDff6
0x8542325B72C6D9fC0aD2Ca965A78435413a915A0
0x2DdF7E8f8e406acC999c8827092d154B67CD41fA
0x5976F7dac1525eF3277836043bA474a35E6B4272
0x5bB1632fA0023e1AA76a1AE92B4635C8DBa49Fa2
0x1014613E2B3CBc4d575054D4982E580d9b99d7B1
0xBeE6EDF5fa7e862ed2eA9b9f42cb0849184aAE85
0xCeE4019Fd41ECDc8bae9EFDd20510f4b6FAA6197
0x37D40510a2F5Bc98AA7a0f7BF4b3453Bcfb90Ac1
0x6810e776880C02933D47DB1b9fc05908e5386b96
0x93E682107d1E9defB0b5ee701C71707a4B2E46Bc
0xD0D6D6C5Fe4a677D343cC433536BB717bAe167dD
0x46ae264Bf6d9Dc6Dd84c31064551f961c67a755c
0xAFe60511341a37488de25Bef351952562E31fCc1
0x57Ab1E02fEE23774580C119740129eAC7081e9D3
0x957c30aB0426e0C93CD8241E2c60392d08c6aC8e
0xA13f0743951B4f6E3e3AA039f682E17279f52bc3
0x96c30D5499EF6eA96A9c221Bc18BC39D29c97F27
0x1985365e9f78359a9B6AD760e32412f4a445E862
0x86a63063b3a60652FB070F23Cbb4A9833FDBBFF8
0x47bc01597798DCD7506DCCA36ac4302fc93a8cFb
0x8a95ca448A52C0ADf0054bB3402dC5e09CD6B232
0x08b4c866aE9D1bE56a06e0C302054B4FFe067b43
0xd780Ae2Bf04cD96E577D3D014762f831d97129d0
0x24A77c1F17C547105E14813e517be06b0040aa76
0x1602af2C782cC03F9241992E243290Fccf73Bb13
0xc9De4B7F0C3d991e967158E4D4bFA4b51Ec0b114
0xc88Be04c809856B75E3DfE19eB4dCf0a3B15317a
0xf96AA656eC0E0Ac163590DB372B430Cf3C0d61cA
0xF660cA1e228e7BE1fA8B4f5583145E31147FB577
0xb683D83a532e2Cb7DFa5275eED3698436371cc9f
0xEA610B1153477720748DC13ED378003941d84fAB
0x02725836ebF3eCDb1cDf1c7b02FcbBfaa2736AF8
0x705EE96c1c160842C92c1aeCfCFfccc9C412e3D9
0x667088b212ce3d06a1b553a7221E1fD19000d9aF
0x7F1E2C7d6A69bf34824D72C53B4550E895C0D8C2
0x217f96737b39f9b9211767cb6aeF5DbAe2Fe9402
0x832904863978b94802123106e6eB491BDF0Df928
0x4156D3342D5c385a87D264F90653733592000581
0x8a854288a5976036A725879164Ca3e91d30c6A1B
0xeAb43193CF0623073Ca89DB9B712796356FA7414
0xAB6CF87a50F17d7F5E1FEaf81B6fE9FfBe8EBF84
0x2d184014b5658C453443AA87c8e9C4D57285620b
0x3A1237D38D0Fb94513f85D61679cAd7F38507242
0x0Aaf561eFF5BD9c8F911616933F84166A17cfE0C
0x80BC5512561c7f85A3A9508c7df7901b370Fa1DF
0x88FCFBc22C6d3dBaa25aF478C578978339BDe77a
0x13DB74B3cf512F65C4b91683940B4f3955E05085
0xc690F7C7FcfFA6a82b79faB7508c466FEfdfc8c5
0x13F1b7FDFbE1fc66676D56483e21B1ecb40b58E2
0x62D4c04644314F35868Ba4c65cc27a77681dE7a9
0xdA6cb58A0D0C01610a29c5A65c303e13e885887C
0x9eecec130fb665d03a37289ee34C818Ee7F79926
0x0Cf0Ee63788A0849fE5297F3407f701E122cC023
0xb5BB48567BfD0bFE9e4B08EF8b7f91556CC2a112
0x27695E09149AdC738A978e9A678F99E4c39e9eb9
0x14C926F2290044B647e1Bf2072e67B495eff1905
0xBbe761EA1447A20b75aA485b7BCad4837415d7D7
0x12B19D3e2ccc14Da04FAe33e63652ce469b3F2FD
0x499A6B77bc25C26bCf8265E2102B1B3dd1617024
0x515669d308f887Fd83a471C7764F5d084886D34D
0x05C3617cBf1304b9260AA61ec960F115D67beCEA
0xA4Bdb11dc0a2bEC88d24A3aa1E6Bb17201112eBe
0x9af2c6B1A28D3d6BC084bd267F70e90d49741D5B
0x1C62aCa2b7605Db3606eAcdA7Bc67A1857DDb8FF
0x45eDb535942a8C84D9f4b5D37e1b25F91Ea4804c
0x33C623a2BAAfEb8D15DfaF3cE44095efec83D72C
0x68d53441c0e253f76c500e551bdeA3D102206C9a
0x30f4A3e0aB7a76733D8b60b89DD93c3D0b4c9E2f
0x70b147E01E9285E7cE68B9BA437Fe3a9190E756a
0x73dD069c299A5d691E9836243BcaeC9c8C1D8734
0x1245ef80F4d9e02ED9425375e8F649B9221b31D8
0x490DBf7884B8e13c2161448b83Dd2d8909dB48eD
0xC02aaA39b223FE8D0A0e5C4F27eAD9083C756Cc2
0xBA5F11b16B155792Cf3B2E6880E8706859A8AEB6
0x8d80de8A78198396329dfA769aD54d24bF90E7aa
0xC1Ad68c43508dD5AdDb8d0ac0927dbE752d149D6
0x247551F2EB3362E222c742E9c788B8957D9BC87e
0x048Fe49BE32adfC9ED68C37D32B5ec9Df17b3603
0x7cf6dC769482AbEe2FF75795d000F381A8062DEC
0xBeef546ac8a4e0a80DC1E2d696968Ef54138f1d4
0x2dAEE1AA61D60A252DC80564499A69802853583A
0x9e6B2B11542f2BC52f3029077acE37E8fD838D7F
0xDF347911910b6c9A4286bA8E2EE5ea4a39eB2134
0x1F54638b7737193FFd86c19Ec51907A7c41755D8
0x660e71483785f66133548B10f6926dC332b06e61
0xe8780B48bdb05F928697A5e8155f672ED91462F7
0xEda8B016efA8b1161208Cf041cD86972eeE0F31E
0x3d1BA9be9f66B8ee101911bC36D3fB562eaC2244
0x4f3AfEC4E5a3F2A6a1A411DEF7D7dFe50eE057bF
0x9a005c9a89BD72a4Bd27721E7a09A3c11D2b03C4
0xE5aeE163513119F4F750376C718766B40fA37A5F
0xE5f867dE1EA81346df5181b8b48DD6B0BB3357B0
0x7B22938ca841aA392C93dBB7f4c42178E3d65E88
0xEd7fEA78C393cF7B17B152A8c2D0CD97aC31790B
0x168296bb09e24A88805CB9c33356536B980D3fC5
0x8c39afDf7B17F12c553208555E51ab86E69C35aA
0x9F235D23354857EfE6c541dB92a9eF1877689BCB
0xBAb165dF9455AA0F2AeD1f2565520B91DDadB4c8
0x1c79ab32C66aCAa1e9E81952B8AAa581B43e54E7
0x6425c6BE902d692AE2db752B3c268AFAdb099D3b
0xb444208cB0516C150178fCf9a52604BC04A1aCEa
0x0B4BdC478791897274652DC15eF5C135cae61E60
0x2ecB13A8c458c379c4d9a7259e202De03c8F3D19
0x7641b2Ca9DDD58adDf6e3381c1F994Aac5f1A32f
0x1E26b3D07E57F453caE30F7DDd2f945f5bF3EF33
0x6745fAB6801e376cD24F03572B9C9B0D4EdDDCcf
0x449c640B6C7fce4f8aD2e3Dcd900D13be40174Af
0x32F3b8A00B6912D0314be212fe9538B7B9430c12
0x8207c1FfC5B6804F6024322CcF34F29c3541Ae26
0xC12D1c73eE7DC3615BA4e37E4ABFdbDDFA38907E
0xA517a46Baad6B054A76bD19c46844f717fe69fea
0x5acD19b9c91e596b1f062f18e3D02da7eD8D1e50
0x1d086b868d78040635CB8600bA733f12DB48cB42
0xFA1DE2Ee97e4c10C94C91Cb2b5062b89Fb140b82
0x0843971B4ac6e842a518AA184e0271d88B5cB74F
0xC0Eb85285d83217CD7c891702bcbC0FC401E2D9D
0x7d4b8Cce0591C9044a22ee543533b72E976E36C3
0x0371A82e4A9d0A4312f3ee2Ac9c6958512891372
0x05C7065d644096a4E4C3FE24AF86e36dE021074b
0x297E4e5e59Ad72B1B0A2fd446929e76117be0E0a
0x0223fc70574214F65813fE336D870Ac47E147fAe
0x629aEe55ed49581C33ab27f9403F7992A289ffd5
0xdd007278B667F6bef52fD0a4c23604aA1f96039a
0x39Bb259F66E1C59d5ABEF88375979b4D20D98022
0x07e3c70653548B04f0A75970C1F81B4CBbFB606f
0x0F72714B35a366285Df85886A2eE174601292A17
0xA1BA7186eeC1Be5114b0Cf49b95B23aDC4131B51
0x83cee9e086A77e492eE0bB93C2B0437aD6fdECCc
0x16aF5bfb4Ae7E475b9aDC3Bf5Cb2f1E6a50d7940
0x865ec58b06bF6305B886793AA20A2da31D034E68
0x13cb85823f78Cff38f0B0E90D3e975b8CB3AAd64
0x5dbe296F97B23C4A6AA6183D73e574D02bA5c719
0x7DD7F56D697Cc0f2b52bD55C057f378F1fE6Ab4b
0xb5b8F5616Fe42d5ceCA3e87F3FddbDd8F496d760
0x0bC61DdED5F6710c637cf8288Eb6058766ce1921
0x80046305aaab08F6033b56a360c184391165dc2d
0x0AF44e2784637218dD1D32A322D44e603A8f0c6A
0x6Aac8CB9861E42bf8259F5AbDC6aE3Ae89909E11
0x2dCFAAc11c9EebD8C6C42103Fe9e2a6AD237aF27
0x442d985EFeBC633b8Bfd14fF99E860A5609a6484
0x5732046A883704404F284Ce41FfADd5b007FD668
0xdEE02D94be4929d26f67B64Ada7aCf1914007F10
0xF4FaEa455575354d2699BC209B0a65CA99F69982
0x430241368c1D293fdA21DBa8Bb7aF32007c59109
0xfdFE8b7aB6CF1bD1E3d14538Ef40686296C42052
0x4E594479Fa417a1e9C5790a413575802D393010F
0x922aC473A3cC241fD3a0049Ed14536452D58D73c
0x16f812Be7FfF02cAF662B85d5d58a5da6572D4Df
0x6758B7d441a9739b98552B373703d8d3d14f9e62
0xD49ff13661451313cA1553fd6954BD1d9b6E02b9
0xCa3c18a65b802eC267f8f4802545e7F53D24C75e
0xfF18DBc487b4c2E3222d115952bABfDa8BA52F5F
0xdb455c71C1bC2de4e80cA451184041Ef32054001
0x6Fe536a1d595C12cbb407C5B2C03999f658A5C72
0xB64ef51C888972c908CFacf59B47C1AfBC0Ab8aC
0xCc2AD789f459Bc73e5Fb33364964B658a62C1Ee7
0xe7D3e4413E29ae35B0893140F4500965c74365e5
0x627974847450C45b60B3Fe3598f4e6E4cf945B9a
0x0D8775F648430679A709E98d2b0Cb6250d2887EF
0xAb16E0d25c06CB376259cc18C1de4ACA57605589
0xa8006C4ca56F24d6836727D106349320dB7fEF82
0x8a187D5285d316bcBC9ADafc08b51d70a0d8e000
0xF41e5Fbc2F6Aac200Dd8619E121CE1f05D150077
0x5512e1D6A7BE424b4323126B4f9E86D023F95764
0x906b3f8b7845840188Eab53c3f5AD348A787752f
0x3abdfF32F76b42E7635bdb7e425f0231A5F3aB17
0x7cF271966F36343Bf0150F25E5364f7961c58201
0x3c4a3ffd813a107febd57B2f01BC344264D90FdE
0xaeC2E87E0A235266D9C5ADc9DEb4b2E29b54D009
0x954b890704693af242613edEf1B603825afcD708
0x8D75959f1E61EC2571aa72798237101F084DE63a
0x5102791cA02FC3595398400BFE0e33d7B6C82267
0xe15254a13D34F9700320330abcb7c7F857aF2Fb7
0x42d6622deCe394b54999Fbd73D108123806f6a18
0xd4c435F5B09F855C3317c8524Cb1F586E42795fa
0xa645264C5603E96c3b0B078cdab68733794B0A71
0x23Ccc43365D9dD3882eab88F43d515208f832430
0x0b76544F6C413a555F309Bf76260d1E02377c02A
0x50Ee674689d75C0f88E8f83cfE8c4B69E8fd590D
0x85e076361cc813A908Ff672F9BAd1541474402b2
0x9B70740e708a083C6fF38Df52297020f5DfAa5EE
0xA9d2927d3a04309E008B6af6E2e282AE2952e7fD
0x1C83501478f1320977047008496DACBD60Bb15ef
0xA4e8C3Ec456107eA67d3075bF9e3DF3A75823DB0
0xa5dB1d6F7A0D5Bccc17d0bFD39D7AF32d5E5EDc6
0xDD16eC0F66E54d453e6756713E533355989040E4
0xfe7B915A0bAA0E79f85c5553266513F7C1c03Ed0
0x302ce6674A16b54bA1B8A49FED64C471EdE6C174
0xA849EaaE994fb86Afa73382e9Bd88c2B6b18Dc71
0xEe609fE292128Cad03b786DBb9Bc2634Ccdbe7fC
0x1f41E42D0a9e3c0Dd3BA15B527342783B43200A9
0xff56Cc6b1E6dEd347aA0B7676C85AB0B3D08B0FA
0x2A05d22DB079BC40C2f77a1d1fF703a56E631cc1
0x35a69642857083BA2F30bfaB735dacC7F0bac969
0xA4eA687A2A7F29cF2dc66B39c68e4411C0D00C49
0x04F2E7221fdb1B52A68169B25793E51478fF0329
0x7C5Cf2f624182D6b019470c7cffF8Ad27AAB51A8
0x9b68bFaE21DF5A510931A262CECf63f41338F264
0xD18e454D844eb0009D32E07A0Cde89E18d64CFb4
0xEBf2F9E8De960f64ec0fDCDa6Cb282423133347B
0x8Eb38715604b938812DEC25A0A1bc05B4becB9ca
0x1122B6a0E00DCe0563082b6e2953f3A943855c1F
0x82b0E50478eeaFde392D45D1259Ed1071B6fDa81
0xF8e06E4e4A80287FDCa5b02dcCecAa9D0954840F
0x97AEB5066E1A590e868b511457BEb6FE99d329F5
0x28B94F58B11aC945341329dBf2e5EF7F8Bd44225
0x6Ba460AB75Cd2c56343b3517ffeBA60748654D26
0x88aC94D5d175130347Fc95E109d77AC09dbF5ab7
0xfe5F141Bf94fE84bC28deD0AB966c16B17490657
0x2d0E95bd4795D7aCe0da3C0Ff7b706a5970eb9D3
0x4993CB95c7443bdC06155c5f5688Be9D8f6999a5
0x4cE6B362Bc77A24966Dda9078f9cEF81b3B886a7
0xB4272071eCAdd69d933AdcD19cA99fe80664fc08
0xF433089366899D83a9f26A773D59ec7eCF30355e
0xf6cFe53d6FEbaEEA051f400ff5fc14F0cBBDacA1
0xc97A5cdF41BAfD51c8dBE82270097e704d748b92
0xa3d58c4E56fedCae3a7c43A725aeE9A71F0ece4e
0x255Aa6DF07540Cb5d3d297f0D0D4D84cb52bc8e6
0xdf1338FbAfe7aF1789151627B886781ba556eF9a
0xFA1a856Cfa3409CFa145Fa4e20Eb270dF3EB21ab
0x744d70FDBE2Ba4CF95131626614a1763DF805B9E
0x6704B673c70dE9bF74C8fBa4b4bd748F0e2190E1
0x90528aeb3a2B736B780fD1B6C478bB7E1d643170
0xA3149E0fA0061A9007fAf307074cdCd290f0e2Fd
0xb5C33F965C8899D255c34CDD2A3efA8AbCbB3DeA
0xE5F166c0D8872B68790061317BB6CcA04582C912
0x6e2050CBFB3eD8A4d39b64cC9f47E711a03a5a89
0xdB52a87cda28EdA00f8aDd1C79c9DB4a50a70457
0x419D0d8BdD9aF5e606Ae2232ed285Aff190E711b
0x7Dc4f41294697a7903C4027f6Ac528C5d14cd7eB
0xfF5c25D2F40B47C4a37f989DE933E26562Ef0Ac0
0xfA0eF5E034CaE1AE752d59bdb8aDcDe37Ed7aB97
0x303D396bB1E2A73b1536665964aa9f5AA0f7f9cA
0x28b5E12CcE51f15594B0b91d5b5AdaA70F684a02
0x1183F92A5624D68e85FFB9170F16BF0443B4c242
0x5D4d57cd06Fa7fe99e26fdc481b468f77f05073C
0xa5Fd1A791C4dfcaacC963D4F73c6Ae5824149eA7
0xD85DAf0C8B54D8BCEc96cfB90731B8851f98572E
0xEa11755Ae41D889CeEc39A63E6FF75a02Bc1C00d
0x66497A283E0a007bA3974e837784C6AE323447de
0xF70a642bD387F94380fFb90451C2c81d4Eb82CBc
0x515bA0a2E286AF10115284F151cF398688A69170
0x103c3A209da59d3E7C4A89307e66521e081CFDF0
0x68d57c9a1C35f63E2c83eE8e49A64e9d70528D25
0x190e569bE071F40c704e15825F285481CB74B6cC
0x13f11C9905A08ca76e3e853bE63D4f0944326C72
0xb1c1Cb8C7c1992dba24e628bF7d38E71daD46aeB
0x1410434b0346f5bE678d0FB554E5c7ab620f8f4a
0x9C9Fe3bD60b22A9735908B9589011E78F2025C11
0xE1Aee98495365fc179699C1bB3E761FA716beE62
0xE477292f1B3268687A29376116B0ED27A9c76170
0xb4d0FDFC8497AEF97d3c2892AE682eE06064A2BC
0xD46bA6D942050d489DBd938a2C909A5d5039A161
0x1776e1F26f98b1A5dF9cD347953a26dd3Cb46671
0x1c4481750daa5Ff521A2a7490d9981eD46465Dbd
0xf05a9382A4C3F29E2784502754293D88b835109C
0xDE1E0AE6101b46520cF66fDC0B1059c5cC3d106c
0x14F37B574242D366558dB61f3335289a5035c506
0x905E337c6c8645263D3521205Aa37bf4d034e745
0xFc2C4D8f95002C14eD0a7aA65102Cac9e5953b5E
0xcC4eF9EEAF656aC1a2Ab886743E98e97E090ed38
0x1844b21593262668B7248d0f57a220CaaBA46ab9
0x139d9397274bb9E2C29A9aa8Aa0b5874d30D62E3
0x22c421BA4717EDaF6b6BDA424207A7335e8f0e52
0x4994e81897a920c0FEA235eb8CEdEEd3c6fFF697
0xeB7C20027172E5d143fB030d50f91Cece2D1485D
0x25B6325f5BB1c1E03cfbC3e53F470E1F1ca022E3
0x82BD526bDB718C6d4DD2291Ed013A5186cAE2DCa
0x340D2bdE5Eb28c1eed91B2f790723E3B160613B7
0xBDe8f7820b5544a49D34F9dDeaCAbEDC7C0B5adc
0xD760ADdFb24D9C01Fe4Bfea7475C5e3636684058
0x4092678e4E78230F46A1534C0fbc8fA39780892B
0x039B5649A59967e3e936D7471f9c3700100Ee1ab
0x708876f486e448Ee89eB332bFbC8E593553058b9
0x2A73CB91ED8983398F83082c093ac306cac209FF
0xC650f5514AE1A3a27930922145ce49E8A91b91AB
0xd559f20296FF4895da39b5bd9ADd54b442596a61
0x286708f069225905194673755F12359e6afF6FE1
0x0aeF06DcCCC531e581f0440059E6FfCC206039EE
0x67ab11058eF23D0a19178f61A050D3c38F81Ae21
0x3893b9422Cd5D70a81eDeFfe3d5A1c6A978310BB
0x0947b0e6D821378805c9598291385CE7c791A6B2
0xAc3Da587eac229C9896D919aBC235CA4Fd7f72c1
0xFEF3884b603C33EF8eD4183346E093A173C94da6
0xe06Af951086EC3c488b50E31BE29c07F8a260cA3
0x05f4a42e251f2d52b8ed15E9FEdAacFcEF1FAD27
0x263c618480DBe35C300D8d5EcDA19bbB986AcaeD
0x1Cb3209D45B2a60B7fBCA1cCDBF87f674237A4aa
0xc166038705FFBAb3794185b3a9D925632A1DF37D
0xB98d4C97425d9908E66E53A6fDf673ACcA0BE986
0xA31108E5BAB5494560Db34c95492658AF239357C
0x445f51299Ef3307dBD75036dd896565F5B4BF7A5
0xC5bBaE50781Be1669306b9e001EFF57a2957b09d
0x9CDa8A60dd5AfA156c95Bd974428d91a0812e054
0xC64500DD7B0f1794807e67802F8Abbf5F8Ffb054
0x554C20B7c486beeE439277b4540A434566dC4C02
0xC2494604e9DcEfa2A70dCEbf81e6D7BE064a334e
0x1d9a3CeF66B01D44003b9db0e00ec3fd44746988
0x7939882b54fcf0bCAe6b53dEc39Ad6e806176442
0x92B7e4409dCf8C439f313eD1f05fdC0550d18DDd
0x17e67d1CB4e349B9CA4Bc3e17C7DF2a397A7BB64
0xdb0F69306FF8F949f258E83f6b87ee5D052d0b23
0x47dD62D4D075DeAd71d0e00299fc56a2d747beBb
0xeE4458e052B533b1aABD493B5f8c4d85D7B263Dc
0x1CCAA0F2a7210d76E1fDec740d5F323E2E1b1672
0xf028ADEe51533b1B47BEaa890fEb54a457f51E89
0x84F7c44B6Fed1080f647E354D552595be2Cc602F
0x534546C490A4Ed2a9D0c3555447Bb9b4b01bcb9E
0xB4EFd85c19999D84251304bDA99E90B92300Bd93
0x5e888B83B7287EED4fB7DA7b7d0A0D4c735d94b3
0x566Fd7999B1Fc3988022bD38507A48F0bCf22c77
0x999967E2Ec8A74B7c8E9dB19E039d920B31d39D0
0x47e67BA66b0699500f18A53F94E2b9dB3D47437e
0xB110eC7B1dcb8FAB8dEDbf28f53Bc63eA5BEdd84
0x6781a0F84c7E9e846DCb84A9a5bd49333067b104
0x5Cf04716BA20127F1E2297AdDCf4B5035000c9eb
0x92d7A89405Ea3cC605A467E834236e09DF60bf16
0x779B7b713C86e3E6774f5040D9cCC2D43ad375F8
0x829A4cA1303383F1082B6B1fB937116e4b3b5605
0xD4CffeeF10F60eCA581b5E1146B5Aca4194a4C3b
0xA15C7Ebe1f07CaF6bFF097D8a589fb8AC49Ae5B3
0xb9EF770B6A5e12E45983C5D80545258aA38F3B78
0x607F4C5BB672230e8672085532f7e901544a7375
0x1a95B271B0535D15fa49932Daba31BA612b52946
0x386Faa4703a34a7Fdb19Bec2e14Fd427C9638416
0x65292EeadF1426Cd2dF1C4793a3d7519f253913b
0xE25FAAb5821ce70BA4179A70c1d481BA45b9D0c9
0x10086399DD8c1e3De736724AF52587a2044c9fA2
0x17F93475d2A978f527c3f7c44aBf44AdfBa60D5C
0x6C8c6b02E7b2BE14d4fA6022Dfd6d75921D90E4E
0xC2e3ED7F61D338755BF7b6fB4bAA0ffFadA4AC28
0x04cC783b450b8D11F3C7d00DD03fDF7FB51fE9F2
0x55296f69f40Ea6d20E478533C15A6B08B654E758
0x0a50C93c762fDD6E56D86215C24AaAD43aB629aa
0x72430A612Adc007c50e3b6946dBb1Bb0fd3101D1
0x5136C98A80811C3f46bDda8B5c4555CFd9f812F0
0xa9240fBCAC1F0b9A6aDfB04a53c8E3B0cC1D1444
0x0000000000085d4780B73119b644AE5ecd22b376
0xA823E6722006afe99E91c30FF5295052fe6b8E32
0x1B9743f556D65e757c4c650B4555bAF354cB8bd3
0xF722B01910F93B84EDa9CA128b9F05821A41EAe1
0xC4Bcd64CB216D49fD3C643A32762F34626b45a1a
0x08711D3B02C8758F2FB3ab4e80228418a7F8e39c
0xc8C6A31A4A806d3710A7B38b7B296D2fABCCDBA8
0x65Be44C747988fBF606207698c944Df4442efE19
0xF03045a4C8077e38f3B8e2Ed33b8aEE69edF869F
0x980E45AB37c6bcAF93Fe911b3e207e08a3a60B5E
0xf7e983781609012307f2514f63D526D83D24F466
0x408e41876cCCDC0F92210600ef50372656052a38
0x46492473755e8dF960F8034877F61732D718CE96
0x0AfFa06e7Fbe5bC9a764C979aA66E8256A631f02
0xBb0eF9e617FADdf54B8D16e29046F72B4D3ec77F
0x05D412CE18F24040bB3Fa45CF2C69e506586D8e8
0x46F6Df27e472Ec0c949b8D3359A2814e89E290A6
0x5d65D971895Edc438f465c17DB6992698a52318D
0x882448f83d90B2bf477Af2eA79327fDEA1335D93
0xDd74a7A3769fA72561B3A69e65968F49748c690c
0x369760eBf89d577a734d927a9599C1921397A152
0x423b5F62b328D0D6D44870F4Eee316befA0b2dF5
0x8810C63470d38639954c6B41AaC545848C46484a
0xB348cB0638b2399aE598b5575D5c12e0F15d3690
0xc528c28FEC0A90C083328BC45f587eE215760A0F
0xfB48E0DEa837f9438309a7e9F0cFe7EE3353A84e
0xd248B0D48E44aaF9c49aea0312be7E13a6dc1468
0x6B175474E89094C44Da98b954EedeAC495271d0F
0x039F5050dE4908f9b5ddF40A4F3Aa3f329086387
0xc719d010B63E5bbF2C0551872CD5316ED26AcD83
0xf453B5B9d4E0B5c62ffB256BB2378cc2BC8e8a89
0x2a1dbabe65c595B0022e75208C34014139d5d357
0x30ceCB5461A449A90081F5a5F55db4e048397BAB
0xE3F4b4A5d91e5cB9435B947F090A319737036312
0x31f3D9D1BeCE0c033fF78fA6DA60a6048F3E13c5
0xd99298985902C9A69bf4C8a0895fA10721204ECC
0x24692791Bc444c5Cd0b81e3CBCaba4b04Acd1F3B
0x4CF488387F035FF08c371515562CBa712f9015d4
0xb056c38f6b7Dc4064367403E26424CD2c60655e1
0x2799D90C6d44Cb9Aa5fBC377177F16C33E056b82
0x21aE23B882A340A22282162086bC98D3E2B73018
0xFAd572db566E5234AC9Fc3d570c4EdC0050eAA92
0xCe5c603C78d047Ef43032E96b5B785324f753a4F
0xd348e07A2806505B856123045d27aeeD90924b50
0xEa1f346faF023F974Eb5adaf088BbCdf02d761F4
0x8E870D67F660D95d5be530380D0eC0bd388289E1
0x399A0e6FbEb3d74c85357439f4c8AeD9678a5cbF
0xFACCD5Fc83c3E4C3c1AC1EF35D15adf06bCF209C
0x6531f133e6DeeBe7F2dcE5A0441aA7ef330B4e53
0x618E75Ac90b12c6049Ba3b27f5d5F8651b0037F6
0x8dB54ca569D3019A2ba126D03C37c44b5eF81EF6
0x4689a4e169eB39cC9078C0940e21ff1Aa8A39B9C
0x2023DCf7c438c8C8C0B0F28dBaE15520B4f3Ee20
0xd2Fa8f92Ea72AbB35dBD6DECa57173d22db2BA49
0x43F6a1BE992deE408721748490772B15143CE0a7
0xBDCFbf5C4D91Abc0bC9709C7286d00063c0e6F22
0x1969442391737025812C2215E77E676d7fA84847
0x4aF328C52921706dCB739F25786210499169AFe6
0x9B62513c8a27290CF6A7A9e29386e600245EA819
0x2FA32a39fc1c399E0Cc7B2935868f5165De7cE97
0x516E5436bAfdc11083654DE7Bb9b95382d08d5DE
0x5a276Aeb77bCfDAc8Ac6f31BBC7416AE1A85eEF2
0x818Fc6C2Ec5986bc6E2CBf00939d90556aB12ce5
0x949bEd886c739f1A3273629b3320db0C5024c719
0x3FD8f39A962eFDA04956981C31AB89FAB5FB8bC8
0x1dEa979ae76f26071870F824088dA78979eb91C8
0x7C5A0CE9267ED19B22F8cae653F198e3E8daf098
0x78B7FADA55A64dD895D8c8c35779DD8b67fA8a05
0x5e6016Ae7d7C49d347dcF834860B9f3Ee282812b
0x763186eB8d4856D536eD4478302971214FEbc6A9
0x170b275CEd089FffAEBFe927F445a350ED9160DC
0xe469c4473af82217B30CF17b10BcDb6C8c796e75
0x4F4f0Db4de903B88f2B1a2847971E231D54F8fd3
0x02F61Fd266DA6E8B102D4121f5CE7b992640CF98
0x4a220E6096B25EADb88358cb44068A3248254675
0xfDBc1aDc26F0F8f8606a5d63b7D3a3CD21c22B23
0x922105fAd8153F516bCfB829f56DC097a0E1D705
0xcbCC0F036ED4788F63FC0fEE32873d6A7487b908
0x17280DA053596E097604839C61A2eF5efb7d493f
0x2260FAC5E5542a773Aa44fBCfeDf7C193bc2C599
0x99ea4dB9EE77ACD40B119BD1dC4E33e1C070b80d
0x9e4C143Bfe35f855624B3F84465AB7401A17A120
0x840fe75ABfaDc0F2d54037829571B2782e919ce4
0xc520F3Ac303a107D8F4B08b326B6ea66A4f961cd
0xDA80B20038BDF968C7307BB5907A469482CF6251
0x64CdF819d3E75Ac8eC217B3496d7cE167Be42e80
0xBFbe5332f172d77811bC6c272844f3e54A7B23bB
0xE5Dada80Aa6477e85d09747f2842f7993D0Df71C
0x177d39AC676ED1C67A2b268AD7F1E58826E5B0af
0xe9C9e7E1DaBea830C958C39D6b25964a6F52143A
0x422866a8F0b032c5cf1DfBDEf31A20F4509562b0
0xEee2d00Eb7DEB8Dd6924187f5AA3496B7d06E62A
0x22F0AF8D78851b72EE799e05F54A77001586B18A
0x9a0242b7a33DAcbe40eDb927834F96eB39f8fBCB
0xc73f2474001aD1D6aEd615aF53631148CF98dE6b
0x2eF1aB8a26187C58BB8aAeB11B2fC6D25C5c0716
0xeD247980396B10169BB1d36f6e278eD16700a60f
0x35BAA72038F127f9f8C8f9B491049f64f377914d
0x28d7F432d24ba6020d1cbD4f28BEDc5a82F24320
0x662aBcAd0b7f345AB7FfB1b1fbb9Df7894f18e66
0x0D9A653f681168f410d14D19B7743C041EafC58a
0x63e634330A20150DbB61B15648bC73855d6CCF07
0xe3818504c1B32bF1557b16C238B2E01Fd3149C17
0x241bA672574A78a3A604CDd0a94429A73a84a324
0xa6a840E50bCaa50dA017b91A0D86B8b2d41156EE
0x9214eC02CB71CbA0ADA6896b8dA260736a67ab10
0x910Dfc18D6EA3D6a7124A6F8B5458F281060fa4c
0xa02e3bB9cEbc03952601B3724B4940e0845BeBcf
0x4b96bf1feF93A216914fc843D81207A027ce52b3
0x72dD4b6bd852A3AA172Be4d6C5a6dbEc588cf131
0xD29F0b5b3F50b07Fe9a9511F7d86F4f4bAc3f8c4
0x0235fE624e044A05eeD7A43E16E3083bc8A4287A
0x0ABeFb7611Cb3A01EA3FaD85f33C3C934F8e2cF4
0xc27A2F05fa577a83BA0fDb4c38443c0718356501
0x06147110022B768BA8F99A8f385df11a151A9cc8
0xd0929d411954c47438dc1d871dd6081F5C5e149c
0xB563300A3BAc79FC09B93b6F84CE0d4465A2AC27
0x9e96604445Ec19fFed9a5e8dd7B50a29C899A10C
0x6956983F8B3Ce173B4AB84361AA0ad52f38D936f
0x049399a6B048D52971F7D122aE21A1532722285F
0xc72fe8e3Dd5BeF0F9f31f259399F301272eF2a2D
0x983F6d60db79ea8cA4eB9968C6aFf8cfA04B3c63
0x5Dff89a2caa4D76bc286F74D67Bd718eb834da61
0xFb2f26F266Fb2805a387230f2aa0a331b4d96Fba
0xAa0bb10CEc1fa372eb3Abc17C933FC6ba863DD9E
0x2C974B2d0BA1716E644c1FC59982a89DDD2fF724
0xf9F7c29CFdf19FCf1f2AA6B84aA367Bcf1bD1676
0x9F195617fA8fbAD9540C5D113A99A0a0172aaEDC
0x6888a16eA9792c15A4DCF2f6C623D055c8eDe792
0x3f06B5D78406cD97bdf10f5C420B241D32759c80
0xfd1e80508F243E64CE234eA88A5Fd2827c71D4b7
0xdfdc0D82d96F8fd40ca0CFB4A288955bECEc2088
0x3fF9CeBbeAA7Bcc48a952a011A02a22a1FDd1C62
0x82f4dED9Cec9B5750FBFf5C2185AEe35AfC16587
0x1966d718A565566e8E202792658D7b5Ff4ECe469
0x8069080a922834460C3A092FB2c1510224dc066b
0x3cf9E0c385a5ABEC9FD2a71790AA344C4e8E3570
0xE5a3229CCb22b6484594973A03a3851dCd948756
0xB9e7F8568e08d5659f5D29C4997173d84CdF2607
0xdb8646F5b487B5Dd979FAC618350e85018F557d4
0xbD4AB8b9C26c4888e2792cAC6d5793Efea9eBb20
0x54b293226000ccBFC04DF902eEC567CB4C35a903
0x7928c8aBF1F74eF9F96D4D0a44e3b4209d360785
0xFF603F43946A3A28DF5E6A73172555D8C8b02386
0x7db5454F3500f28171d1f9c7a38527C9cF94e6b2
0xecd570bBf74761b960Fa04Cc10fe2c4e86FfDA36
0xEDD7c94FD7B4971b916d15067Bc454b9E1bAD980
0x78a73B6CBc5D183CE56e786f6e905CaDEC63547B
0x419c4dB4B9e25d6Db2AD9691ccb832C8D9fDA05E
0x36a73557f5BDE5195EC39eCA82d28b8A36D21141
0xb787d4eAc8899730bb8C57fc3c998c49c5244ec0
0x1e09BD8Cadb441632e441Db3e1D79909EE0A2256
0x554FFc77F4251a9fB3c0E3590a6a205f8d4e067D
0x7f6715c3FC4740A02F70De85B9FD50ac6001fEd9
0x671AbBe5CE652491985342e85428EB1b07bC6c64
0x8713d26637CF49e1b6B4a7Ce57106AaBc9325343
0x001Fc4a7f2f586596308091c7B296D4535A25a90
0x7FC408011165760eE31bE2BF20dAf450356692Af
0xdB25f211AB05b1c97D595516F45794528a807ad8
0x5B8D43FfdE4a2982B9A5387cDF21D54Ead64Ac8d
0x64A60493D888728Cf42616e034a0dfEAe38EFCF0
0x39AA39c021dfbaE8faC545936693aC917d5E7563
0xbF18F246B9301F231e9561B35A3879769BB46375
0x000000085824F23a070c2474442ED014c0e46B58
0x8a77e40936BbC27e80E9a3F526368C967869c86D
0x888666CA69E0f178DED6D75b5726Cee99A87D698
0x158079Ee67Fce2f58472A96584A73C7Ab9AC95c1
0x9E7D29bd499B6c7da2a5B2EaFCF4A39d3BD845D1
0x1BC7C1dE0AC6eF4fDeC35c053030D90cf54c7e9A
0xf14922001A2FB8541a433905437ae954419C2439
0xe25ff6Eb959BCE67975778e46A47750C243B6B99
0xd30a2e9347Ad48Ea208ee563a9CdfD80E962a727
0x491C9A23DB85623EEd455a8EfDd6AbA9b911C5dF
0x9389434852b94bbaD4c8AfEd5B7BDBc5Ff0c2275
0xeC46f8207D766012454c408De210BCBc2243E71c
0x5BC7e5f0Ab8b2E10D2D0a3F21739FCe62459aeF3
0x01fF50f8b7f74E4f00580d9596cd3D0d6d6E326f
0xe9dE1C630753A15d7021Cc563429c21d4887506F
0x6DD4e4Aad29A40eDd6A409b9c1625186C9855b4D
0xA79e0012bb3379f8509a5ab49caB7e6Abb49701D
0xFFa93Aacf49297D51E211817452839052FDFB961
0xeef8102A0D46D508f171d7323BcEffc592835F13
0x1FE70bE734e473e5721ea57C8B5B01e6Caa52686
0x4c382F8E09615AC86E08CE58266CC227e7d4D913
0x8869b1F9bC8B246a4D7220F834E56ddfdd8255E7
0x44449Fa4d607F807d1eD4a69ad942971728391C8
0x5bfc1FF7f9e087C64fEfb34F2e7cF24e5570919F
0xe200641890772FCe8eE6EDc5354cCEa30ac92F49
0x595832F8FC6BF59c85C527fEC3740A1b7a361269
0x6EC8a24CaBdc339A06a172F8223ea557055aDAa5
0x2baac9330Cf9aC479D819195794d79AD0c7616e3
0x80fB784B7eD66730e8b1DBd9820aFD29931aab03
0xE638dc39b6aDBEE8526b5C22380b4b45dAf46d8e
0x7728dFEF5aBd468669EB7f9b48A7f70a501eD29D
0x01F2AcF2914860331C1Cb1a9AcecDa7475e06Af8
0xB91C2a2b953D72f3EF890490669a0A41B0ADD5f7
0x0cF713b11C9b986EC40D65bD4F7fbd50F6ff2d64
0xB63ffE88c2903080cCf9AB14EfA56A11E3e01273
0xEbeD4fF9fe34413db8fC8294556BBD1528a4DAca
0x1B879d3812F2Ade1214264655B473910e0caF1e6
0x92A5B04D0ED5D94D7a193d1d334D3D16996f4E13
0x07D9e49Ea402194bf48A8276dAfB16E4eD633317
0x624d520BAB2E4aD83935Fa503fB130614374E850
0xd6e354F07319e2474491D8c7c712137bEe6862a2
0x9ab165D795019b6d8B3e971DdA91071421305e5a
0x6f539a9456A5BCb6334A1A41207c3788f5825207
0xA26C4caaaEa8b88ef49Bf8c380488f66C2d807Ae
0x16B0E62aC13a2fAeD36D18bce2356d25Ab3CfAD3
0x1a7a8BD9106F2B8D977E08582DC7d24c723ab0DB
0x5e8F855966D638135a968861E80DdA722291B06d
0x7F585B9130c64e9e9F470b618A7badD03D79cA7E
0x48f775EFBE4F5EcE6e0DF2f7b5932dF56823B990
0xba2184520A1cC49a6159c57e61E1844E085615B6
0xa4ec83c8907888d006A37debF755ee39766f38ae
0x884e3902C4d5cFA86de4aCE7A96AA91EbC25C0Ff
0xC17195bde49D70CefCF8A9F2ee1759FFC27BF0B1
0x5c39bC68e58a242A624E4FC96be77A383C52002D
0xAa5C28be0F1173612eA3fCC9e461cCB7b9390213
0xB97048628DB6B661D4C2aA833e95Dbe1A905B280
0x4FbB350052Bca5417566f188eB2EBCE5b19BC964
0x8e5afc69f6227A3ad75eD346c8723Bc62ce97123
0xd7631787B4dCc87b1254cfd1e5cE48e96823dEe8
0x9c23D67AEA7B95D80942e3836BCDF7E708A747C2
0xEE74110fB5A1007b06282e0DE5d73A61bf41d9Cd
0x36905Fc93280f52362A1CBAB151F25DC46742Fb5
0x71D01dB8d6a2fBEa7f8d434599C237980C234e4C
0x8F0921f30555624143d427b340b1156914882C10
0xeb547ed1D8A3Ff1461aBAa7F0022FED4836E00A4
0x55648De19836338549130B1af587F16beA46F66B
0x68AA3F232dA9bdC2343465545794ef3eEa5209BD
0x89303500a7Abfb178B274FD89F2469C264951e1f
0xc770EEfAd204B5180dF6a14Ee197D99d808ee52d
0xE40C374d8805b1dD58CDcEFf998A2F6920Cb52FD
0xa7f976C360ebBeD4465c2855684D1AAE5271eFa9
0x1A4743Cf1af4C289351390A2B3fe7c13D2F7C235
0xfb6bEcd99282d7CA14D0890F3e4F073D9Dd522e9
0x00006100F7090010005F1bd7aE6122c3C2CF0090
0x1829aA045E21E0D59580024A951DB48096e01782
0xCc80C051057B774cD75067Dc48f8987C4Eb97A5e
0x2ccbFF3A042c68716Ed2a2Cb0c544A9f1d1935E1
0x8a88f04e0c905054D2F33b26BB3A46D7091A039A
0xCc34366E3842cA1BD36c1f324d15257960fCC801
0xBDC5bAC39Dbe132B1E030e898aE3830017D7d969
0xe386B139Ed3715Ca4B18Fd52671bDcea1cdFE4b1
0x5d51FCceD3114A8bb5E90cDD0f9d682bCbCC5393
0xbC7Ed0c8cf986ae62337fc8DF3B02C6EC87310Ed
0x7FCE2856899a6806eeEf70807985fc7554C66340
0xe81D72D14B1516e68ac3190a46C93302Cc8eD60f
0xd967d9F941CD316Ab238d3EE761F80b7cAec7819
0xbbFF862d906E348E9946Bfb2132ecB157Da3D4b4
0xA54ddC7B3CcE7FC8b1E3Fa0256D0DB80D2c10970
0xF0da1186a4977226b9135d0613ee72e229EC3F4d
0xa1ccc166faf0E998b3E33225A1A0301B1C86119D
0x9E46A38F5DaaBe8683E10793b06749EEF7D733d1
0x2859021eE7F2Cb10162E67F33Af2D22764B31aFf
0xC011A72400E58ecD99Ee497CF89E3775d4bd732F
0xe6f74dcfa0E20883008d8C16b6d9a329189D0C30
0xd811250b7fE83150cBB3d70a892fCE6189fB3e08
0x8C65e992297d5f092A756dEf24F4781a280198Ff
0x5a84969bb663fb64F6d015DcF9F622Aedc796750
0x93ED3FBe21207Ec2E8f2d3c3de6e058Cb73Bc04d
0xE69a353b3152Dd7b706ff7dD40fe1d18b7802d31
0x6927C69fb4daf2043fbB1Cb7b86c5661416bea29
0xe933c0Cd9784414d5F278C114904F5A84b396919
0xe120c1ECBfdFeA7F0A8f0Ee30063491E8c26fedf
0xEBBdf302c940c6bfd49C6b165f457fdb324649bc
0x4AaC461C86aBfA71e9d00d9a2cde8d74E4E1aeEa
0xAEA1C18A992984831002D0cf90E291FB52d72649
0xe25bCec5D3801cE3a794079BF94adF1B8cCD802D
0xCb94be6f13A1182E4A4B6140cb7bf2025d28e41B
0xA017ac5faC5941f95010b12570B812C974469c2C
0xf3C092cA8CD6D3d4ca004Dc1d0f1fe8CcAB53599
0x814e0908b12A99FeCf5BC101bB5d0b8B5cDf7d26
0x81c9151de0C8bafCd325a57E3dB5a5dF1CEBf79c
0xE8F9fa977ea585591d9F394681318C16552577fB
0x1778fFfBD431be2AC3D69e64d1d819C786B2BEe0
0x0C04d4f331DA8dF75f9E2e271E3f3F1494C66C36
0xB70835D7822eBB9426B56543E391846C107bd32C
0xE3D0a162fCc5c02C9448274D7C58E18e1811385f
0x2f85E502a988AF76f7ee6D83b7db8d6c0A823bf9
0x95C4be8534d69C248C0623c4C9a7A2a001c17337
0x0324dd195D0Cd53F9F07bEe6a48eE7a20bad738f
0x5B09A0371C1DA44A8E24D36Bf5DEb1141a84d875
0x23aE3C5B39B12f0693e05435EeaA1e51d8c61530
0x56BE94D29e1125D2D61D06629c1b251d72c1b3B3
0x6f259637dcD74C767781E37Bc6133cd6A68aa161
0x228ba514309FFDF03A81a205a6D040E429d6E80C
0x3c20d67b6B1aE0985F913aBb7397babc2fBb1A1F
0x151202C9c18e495656f372281F493EB7698961D5
0xa3EE21C306A700E682AbCdfe9BaA6A08F3820419
0x728781E75735dc0962Df3a51d7Ef47E798A7107E
0xcB97e65F07DA24D46BcDD078EBebd7C6E6E3d750
0x744eC1d45545DcEBb45fAa142Fa9E1B9D86d4527
0xfcAC7A7515e9A9d7619fA77A1fa738111f66727e
0x638AC149eA8EF9a1286C41B977017AA7359E6Cfa
0x0707681F344dEB24184037fC0228856F2137B02E
0x92e52a1A235d9A103D970901066CE910AAceFD37
0x9847345de8b614c956146bbea549336d9C8d26b6
0x00000100F2A2bd000715001920eB70D229700085
0x72D32ac1c5E66BfC5b08806271f8eEF915545164
0x3EDD235C3E840C1F29286B2e39370a255C7B6fdb
0x98d0cDe5c3d79531613e18f0912127BF172bd7AA
0x2134057C0b461F898D375Cead652Acae62b59541
0x44A67C8570a61A28bAfd0035042f2F0A73a64428
0xB5DBC6D3cf380079dF3b27135664b6BCF45D1869
0x23352036E911A22Cfc692B5E2E196692658ADED9
0xF7920B0768Ecb20A123fAc32311d07D193381d6f
0xaEc98A708810414878c3BCDF46Aad31dEd4a4557
0x9025f9A59694dd939739e05beB2502a567e8326f
0xfD107B473AB90e8Fbd89872144a3DC92C40Fa8C9
0x501262281B2Ba043e2fbf14904980689CDDB0C78
0xB6eD7644C69416d67B522e20bC294A9a9B405B31
0x846C66cf71C43f80403B51fE3906B3599D63336f
0x78c292D1445E6b9558bf42e8BC369271DeD062eA
0x64786063A352b399d44de2875909D1229F120eBE
0xb7cB1C96dB6B22b0D3d9536E0108d062BD488F74
0x998FFE1E43fAcffb941dc337dD0468d52bA5b48A
0xbf2179859fc6D5BEE9Bf9158632Dc51678a4100e
0x60C24407d01782C2175D32fe7C8921ed732371D1
0xD0a4b8946Cb52f0661273bfbC6fD0E0C75Fc6433
0x45804880De22913dAFE09f4980848ECE6EcbAf78
0xB2135AB9695a7678Dd590B1A996CB0f37BCB0718
0xbd7D6a2183335eA25af2AF22c1F169FB0f6395f7
0xdB56448fE2635f7912287cd619E7eD3d93180f25
0xcbf15FB8246F679F9Df0135881CB29a3746f734b
0x0996bFb5D057faa237640E2506BE7B4f9C46de0B
0xf9F0FC7167c311Dd2F1e21E9204F87EBA9012fB2
0xBf4cFD7d1eDeeEA5f6600827411B41A21eB08abd
0x599346779e90fc3F5F997b5ea715349820F91571
0x4E0603e2A27A30480E5e3a4Fe548e29EF12F64bE
0x58b6A8A3302369DAEc383334672404Ee733aB239
0x8Ae4BF2C33a8e667de34B54938B0ccD03Eb8CC06
0xc20464e0C373486d2B3335576e83a218b1618A5E
0x21E13cB3F3F26f92A62ac7Adab4093e8997D1fb1
0xd73A66B8FB26Be8B0AcD7c52Bd325054Ac7d468b
0x9fC0583220eB44fAeE9e2dc1E63F39204DDD9090
0x7A5599B97E8c4abB5dd06EBA0E9d1F75AF818DB9
0xed0849BF46CfB9845a2d900A0A4E593F2dD3673c
0x9bb1Db1445b83213a56d90d331894b3f26218e4e
0x6aEB95F06CDA84cA345c2dE0F3B7f96923a44f4c
0x48e5413b73add2434e47504E2a22d14940dBFe78
0x701C244b988a513c945973dEFA05de933b23Fe1D
0xe26517A9967299453d3F1B48Aa005E6127e67210
0x16662F73dF3e79e54c6c5938b4313f92C524C120
0x933DFC5622792b41245aB8313416cAF0ba885aE7
0x6754e21b9EAa053c62d7854dD6561ae451B0cBCf
0xa5F8fC0921880Cb7342368BD128eb8050442B1a1
0x48C1B2f3eFA85fbafb2ab951bF4Ba860a08cdBB7
0x7064aAb39A0Fcf7221c3396719D0917a65E35515
0xb3Bd49E28f8F832b8d1E246106991e546c323502
0xe06eda7435bA749b047380CEd49121ddE93334Ae
0x076C97e1c869072eE22f8c91978C99B4bcB02591
0x84936cF7630AA3e27Dd9AfF968b140d5AEE49F5a
0x9238bfB781A55eACC3Cf05F7DF94038c198CD9B9
0x58bf7df57d9DA7113c4cCb49d8463D4908C735cb
0xcFD6Ae8BF13f42DE14867351eAff7A8A3b9FbBe7
0xac3211a5025414Af2866FF09c23FC18bc97e79b1
0x245ef47D4d0505ECF3Ac463F4d81f41ADE8f1fd1
0x83984d6142934bb535793A82ADB0a46EF0F66B6d
0x29D75277aC7F0335b2165D0895E8725cbF658d73
0x737F98AC8cA59f2C68aD658E3C3d8C8963E40a4c
0x57aD67aCf9bF015E4820Fbd66EA1A21BED8852eC
0x6DCcF9C0aB71dAc26b7F7886E43a2B433806c590
0xd2d6158683aeE4Cc838067727209a0aAF4359de3
0xc0EA6306F6360FE7dCAB65D16Bf1a3AF92C79Aa2
0x8D5682941cE456900b12d47ac06a88b47C764CE1
0x55c2A0C171D920843560594dE3d6EEcC09eFc098
0xB802b24E0637c2B87D2E8b7784C055BBE921011a
0xAf30D2a7E90d7DC361c8C4585e9BB7D2F6f15bc7
0x4C0fBE1BB46612915E7967d2C3213cd4d87257AD
0x12FEF5e57bF45873Cd9B62E9DBd7BFb99e32D73e
0xAc709FcB44a43c35F0DA4e3163b117A17F3770f5
0x327682779bAB2BF4d1337e8974ab9dE8275A7Ca8
0x1d462414fe14cf489c7A21CaC78509f4bF8CD7c0
0xAef38fBFBF932D1AeF3B808Bc8fBd8Cd8E1f8BC5
0x4CC19356f2D37338b9802aa8E8fc58B0373296E7
0xfB0aaA0432112779d9AC483D9d5E3961ecE18eec
0x24083Bb30072643C3bB90B44B7285860a755e687
0xF87F0D9153fea549c728Ad61cb801595a68b73de
0xD3c625F54dec647DB8780dBBe0E880eF21BA4329
0xb0280743b44bF7db4B6bE482b2Ba7b75E5dA096C
0x9B11EFcAAA1890f6eE52C6bB7CF8153aC5d74139
0x2467AA6B5A2351416fD4C3DeF8462d841feeecEC
0xdD41fBd1Ae95C5D9B198174A28e04Be6b3d1aa27
0xc92D6E3E64302C59d734f3292E2A13A13D7E1817
0x006BeA43Baa3f7A6f765F14f10A1a1b08334EF45
0x900b4449236a7bb26b286601dD14d2bDe7a6aC6c
0xf75fBfa2f681860B9A6D19FC3FF3D34CB322E2D6
0xdaE1Baf249964bc4b6aC98c3122f0e3E785fd279
0x9720b467a710382A232a32F540bDCed7d662a10B
0xFB12e3CcA983B9f59D90912Fd17F8D745A8B2953
0xF67451Dc8421F0e0afEB52faa8101034ed081Ed9
0x20900587e569E3D0B2609BCa6Fb3469765ed0920
0x0db03B6CDe0B2d427C64a04FeAfd825938368f1F
0xeC18f898B4076A3E18f1089D33376CC380BDe61D
0x643B6870beabee941B9260a0A878bcF4A61Fb0f1
0xbc1234552EBea32B5121190356bBa6D3Bb225bb5
0x138A8752093F4f9a79AaeDF48d4B9248fab93c9C
0xaFBeC4D65BC7b116d85107FD05d912491029Bf46
0xcc7d26D8eA6281BB363C8448515F2C61F7BC19F0
0x9aeFBE0b3C3ba9Eab262CB9856E8157AB7648e09
0x2233799Ee2683d75dfefAcbCd2A26c78D34b470d
0xe530441f4f73bDB6DC2fA5aF7c3fC5fD551Ec838
0x725B190Bc077FFde17Cf549AA8ba25e298550B18
0xEB9A4B185816C354dB92DB09cC3B50bE60b901b6
0xf8e386EDa857484f5a12e4B5DAa9984E06E73705
0x9A3619499825fbAe63329Aa8bCb3f10CD5958E1c
0x4162178B78D6985480A308B2190EE5517460406D
0x1b793E49237758dBD8b752AFC9Eb4b329d5Da016
0x4CEdA7906a5Ed2179785Cd3A40A69ee8bc99C466
0x2BDD6c9bf1bf396a37501AAE53751B9946B503Da
0x9a49f02e128a8E989b443a8f94843C0918BF45E7
0x163733bcc28dbf26B41a8CfA83e369b5B3af741b
0xb67b88a25708a35AE7c2d736D398D268CE4f7F83
0x2008e3057BD734e10AD13c9EAe45Ff132aBc1722
0xba9d4199faB4f26eFE3551D490E3821486f135Ba
0x72aDadb447784dd7AB1F472467750fC485e4cb2d
0x49b127Bc33ce7E1586EC28CEC6a65b112596C822
0x08Aa0ed0040736dd28d4c8B16Ab453b368248d19
0x3a1Bda28AdB5B0a812a7CF10A1950c920F79BcD3
0x2cb101d7dA0ebaA57D3F2fEf46D7FFB7BB64592B
0xcCeD5B8288086BE8c38E23567e684C3740be4D48
0x45245bc59219eeaAF6cD3f382e078A461FF9De7B
0x24dDFf6D8B8a42d835af3b440De91f3386554Aa4
0x62CD07D414Ec50B68C7EcAa863a23d344f2d062f
0xDDe12a12A6f67156e0DA672be05c374e1B0a3e57
0x1961B3331969eD52770751fC718ef530838b6dEE
0xF3e014fE81267870624132ef3A646B8E83853a96
0xE43E2041dc3786e166961eD9484a5539033d10fB
0x8eb965ee9cCFBCE76c0a06264492c0afEfc2826d
0x6fe56C0bcdD471359019FcBC48863d6c3e9d4F41
0xD717B75404022fb1C8582ADf1c66B9A553811754
0x543Ff227F64Aa17eA132Bf9886cAb5DB55DCAddf
0xea5f88E54d982Cbb0c441cde4E79bC305e5b43Bc
0x9972A0F24194447E73a7e8b6CD26a52e02DDfAD5
0x089B85FA15f72c1088CBbef23a49DB80B91DD521
0xc7BbA5b765581eFb2Cdd2679DB5Bea9eE79b201f
0x054C64741dBafDC19784505494029823D89c3b13
0x4DF47B4969B2911C966506E3592c41389493953b
0x9d9223436dDD466FC247e9dbbD20207e640fEf58
0x76960Dccd5a1fe799F7c29bE9F19ceB4627aEb2f
0xD6Cb175719365a2ea630f266C53dDfBe4e468e25
0xF4c07b1865bC326A3c01339492Ca7538FD038Cc0
0xcfb98637bcae43C13323EAa1731cED2B716962fD
0xB5AE848EdB296C21259b7467331467d2647eEcDf
0x2AEC18c5500f21359CE1BEA5Dc1777344dF4C0Dc
0x41f723448433367BE140D528D35EFECd3e023DB6
0x226bb599a12C826476e3A771454697EA52E9E220
0x4A42d2c580f83dcE404aCad18dab26Db11a1750E
0x0F5D2fB29fb7d3CFeE444a200298f468908cC942
0x8293bBd92C42608B20af588620a76128A33e4De9
0x7dCB3B2356C822d3577D4d060D0D5D78C860488C
0x82125AFe01819Dff1535D0D6276d57045291B6c0
0x533ef0984b2FAA227AcC620C67cce12aA39CD8CD
0x51a4F65463597CA4609C9a90eA3D5ab219Fbc85D
0x5d4ABC77B8405aD177d8ac6682D584ecbFd46CEc
0x95eFD1Fe6099F65a7ED524DEF487483221094947
0x9a642d6b3368ddc662CA244bAdf32cDA716005BC
0xD27D76A1bA55ce5C0291CCd04feBBe793D22ebF4
0x4A89cD486fA996ad50c0a63C35c78702f5422a50
0x4618519de4C304F3444ffa7f812dddC2971cc688
0x3209f98BeBF0149B769ce26D71F7aEA8E435EfEa
0x6339784d9478dA43106A429196772A029C2f177d
0xCA29db4221c111888a7e80b12eAc8a266Da3Ee0d
0xf44745fBd41F6A1ba151df190db0564c5fCc4410
0x4Fabb145d64652a948d72533023f6E7A623C7C53
0x96006F60B452526481a26eab55265ECdf82E7361
0xEC491c1088Eae992B7A214efB0a266AD0927A72A
0xe1A178B681BD05964d3e3Ed33AE731577d9d96dD
0x5adc961D6AC3f7062D2eA45FEFB8D8167d44b190
0x001F0aA5dA15585e5b2305DbaB2bac425ea71007
0xF4134146AF2d511Dd5EA8cDB1C4AC88C57D60404
0x7297862B9670fF015192799cc849726c88bf1d77
0xA89b5934863447f6E4Fc53B315a93e873bdA69a3
0xA52383B665b91DCe42dD4b6d1E0Fb37d3EFFe489
0x23b75Bc7AaF28e2d6628C3f424B3882F8f072a3c
0xd2946be786F35c3Cc402C29b323647aBda799071
0xDf6Ef343350780BF8C3410BF062e0C015B1DD671
0x780116D91E5592E58a3b3c76A351571b39abCEc6
0xBBbbCA6A901c926F240b89EacB641d8Aec7AEafD
0xBc4472Ac643B49394F346cd884e54a8B6Da78062
0x5acE17f87c7391E5792a7683069A8025B83bbd85
0x2b591e99afE9f32eAA6214f7B7629768c40Eeb39
0xEfE98765Da3824eF4a5358bA798cec87c13D8C62
0x3b3A5557F119106270017A7662488C1FF6312A6b
0xcD62b1C403fa761BAadFC74C525ce2B51780b184
0x92afBa413BF9E5DA3919A522E371884bEAC76309
0xde37db4269C6dfD4c81B9A11400d1BcBEeC06515
0x289e9a4674663decEE54f781AaDE5327304A32f8
0x29838a8f16eA5D23dF476f1b1dAb62fce7883a6b
0xFFA52DCE6Eb5695436BE96CA9b7Df63382e4c34d
0x692a2b8bE7E166D6EE93B22A4B8B351e5d444339
0x46824bFAaFd049fB0Af9a45159A88e595Bbbb9f7
0x7FD75AC96cA1f0aFfA154fbC1ae08752D4880E83
0x1cC9567EA2eB740824a45F8026cCF8e46973234D
0xd7adF1b5E31D1C40E08F16a2095338ce3aA8f2Fc
0xD199A3F8a65fD0C80A47718cB5E2D1C9f3729bC6
0x9d94CAFb3cc67C5EfE660Fc988c51ABB711Cb7cA
0x016ee7373248a80BDe1fD6bAA001311d233b3CFa
0xC5Bfbc63dc8D36E81434e93e0ee097999879d7F4
0x66564D3BCec69c7fbeFea185Bd6b9faA57fAEbB9
0x06AF07097C9Eeb7fD685c692751D5C66dB49c215
0x4F4D523C69a47c5C3ef06c53ec64801f11a884Dd
0xbd408612BACccbF14FF26Ca0dEF859FacC3673bD
0xfD6C76546d93e6120Eb6Eaa266966F51330280C3
0xDf0d727742A8A9eAcfC3305C687a0d21826daE7e
0x1287969821F9160C1aF516Af0ff18db2903386aD
0x485B627f43E378417125b49Ed95CAc28b78339C4
0x240fe85447A878f51A74A5dC0b644b4A72587839
0x8a3ca1d2d9a05683EB4DB447d0e3122Fec09d9ee
0x43baf2ec0C4236B661a84FD40EC076546E3Bb9Fd
0x2C537E5624e4af88A7ae4060C022609376C8D0EB
0xD56daC73A4d6766464b38ec6D91eB45Ce7457c44
0x0142C3B2fC51819B5aF5dFc4AA52Df9722790851
0xa6FE80c4c4AADb4B33dB7f22dc9AE2C4697cC406
0x92bA756169aA6Ff82a3d6ae8e4456A5883182Fa3
0x2fC9F52240F68eF0f178e1B896435D8f64A8DFaa
0x937EFce07594d14f878650d5B637f022952FAe86
0x1abb24C9c806eAA71750Fa05C4009bd32e65ebad
0x8EFE972dE7Ee0441D1E01FB0C84Ea900fD1770D0
0xff8Be4B22CeDC440591dcB1E641EB2a0dd9d25A5
0x903214d3d3616d8Dc5cCB3d40A435DcA08F08010
0x187234E7a0C64dCEF6176a534ef1E9e627D9aDC8
0x6bCd1caE4A3c099c696B51f889bE2120DF62b7c0
0xff9Bce8409df637CD3936bA77f8746bf99a4f80B
0xF778Ec504245EfE1eA010C5C3E50b6F5f5E117da
0x0051d363A60bD98d8A10927D10708e5eF853b306
0x00380143129167395e8B4F0a35EDc1bC60E7cE65
0x363edC62b8236a0079c00320340485Ee0E7B17ae
0x077539371bFa52a4194De833174D85ce218DBe3e
0xBf280eEa78369E250007AFD4dD1Ac8E3C3416e63
0x4eF522f0DE44946E3EEa716fa071C12e89d30774
0xc8CC7e53e35cDa71af098360E800e9bB2Ee88F9e
0x3A9FfF453d50D4Ac52A6890647b823379ba36B9E
0x41750Acb926BDE7bc1DF6d21690d64EDFF9f20E7
0x892F0E4118A3BC4eA9305fF7c5Bfa561CA7C9ADF
0xfC1E690f61EFd961294b3e1Ce3313fBD8aa4f85d
0xa901e48DB5a856Da5F27E74a936259808D4C83Af
0x0000000000b3F879cb30FE243b4Dfee438691c04
0x092eD67828357afC65e8aEc93d434b0217d1850A
0xF12436D77166f0801FB7BBdAFAF1482A7577Fdaa
0xA8b65249DE7f85494BC1fe75F525f568aa7dfa39
0xF4bFF845C2DD28060CDeacBD21a91cb6D2E7dd4B
0x84965DCa28c4Eb9dE61d80f80e811eA12BE1c819
0x2A40251ba733F10835447a8fcf0e0f1CE658F18A
0x3DdF5dAd59F8F8e8f957709B044eE84e87B42e25
0x8888889213DD4dA823EbDD1e235b09590633C150
0xFC4B8ED459e00e5400be803A9BB3954234FD50e3
0xf7F59e42eea2F2F4DB6d54Ca87d5a17111ae1a7f
0x18Fab5aFF3B3bb8AfB0840861d831C228C1cb68f
0xC3029A066B20dC8712CBD2093EB1E7F58BC49D83
0x9a58a6A57A7DE16fA301517C2615Ff1dEf442641
0x5E9188280e1e35aE8F899b09C97558d0F195cC14
0xAA2029789404A29899EC9751614eC4CcB27Ff332
0xA679aA830619768e2d8A2365526cedff7ABaC2A3
0xFf2cF2A74445a115468e84FB42eDfe1D9d73CF2b
0x00A8097A78893Fb4623854d78f154b1034245191
0xD81AdA188331e627567BBEF80F91217cd3109592
0x0198f46f520F33cd4329bd4bE380a25a90536CD5
0xB56f2cE679E1FfBa509EE52e9447A3dD7ABE0ba1
0x071Bad913FC41eD10f617C8bbB4D12a4b4E544C5
0x319ACBdB595867C1DC6aB9C5278Ea937aCDBeC58
0x840D872c6aCeD0Dc5cCD72A7C7bf71496Bbc6C40
0x6d08B86002221Dc2fE4e27170fF90e1B92de3254
0x195F43a522814DB23cb55FA5AC2f92f6C1460d9e
0x3263B85A9E52CDae86E9B1560e2e04fB357c42AC
0x0eBf28c5252124B898EcaA41A15Ca40db9Bf2bFc
0x3212b29E33587A00FB1C83346f5dBFA69A458923
0xD4f10f8F88d12f96f69D9378972F06Ab10D80DD6
0x1D496da96caf6b518b133736beca85D5C4F9cBc5
0x088256945480c884C067a8Bc98A72A1C984f826B
0x406555dbF02e9E4df9AdeAeC9DA76ABeED8C1BC3
0xff2b3353c3015E9f1FBF95B9Bda23F58Aa7cE007
0xec98BB42C8F03485bf659378da694512a16f3482
0xA62D9d68674AaAc7Cb31E8c0515Dd3A47D897363
0xa148AC0aF78B83b7c2CbD0caE93fBfb5DDE3EA1a
0x4052Ea0a92Be6a3fBEC83DCb0c96264377127805
0x8129d9B2C3748791C430feA241207A4F9a0Ac516
0x77f973FCaF871459aa58cd81881Ce453759281bC
0x4B1cE9C42A381CB2d74ffeF20103e502e2fc619C
0x80f222a749a2e18Eb7f676D371F19ad7EFEEe3b7
0x431E5f6f3368230b10B732Cef68ACFF62A9727f0
0x2A93cBeC0D134205c352d92d81BB7c4Ec5Ef4d4e
0xD95e7F80766580634B2E0E49d9F66af317994FC7
0x5e74C9036fb86BD7eCdcb084a0673EFc32eA31cb
0x6368b095a4F4702BF1373A0a2aD029696A2e7695
0x9fC208947d92B1588F7BdE245620439568A8587a
0x68473dc4B7A4b0867fd7C5b9A982Fea407DAD320
0x5DC2a562D04DA2D5c5536840f2E210932a1a91B5
0x9fe6854447bB39dc8b78960882831269f9e78408
0xcedf540D158eB62dfdcde8398c3037b54705BcEB
0x7D1AfA7B718fb893dB30A3aBc0Cfc608AaCfeBB0
0x002ACD33D758FcbDc72242A86Ed27eFA0006d42f
0xFFc63b9146967A1ba33066fB057EE3722221aCf0
0x29B9723A3D88fe4a0B78134FD209433443A36b23
0x00763473e9d7c82f38Ed843F021e2558D7422AD8
0x8880F71Fe078Aa1C5bBf8A5FF6Fb93E475a9FcE3
0xb70AE77FF9EcF13baea9807618ec7236ACf44bd1
0x3A412043939d9F7e53373b64f858ecB870a92E50
0x9DFC724c04f3ef1B9D539DCD0f8e4391A8b86FA1
0x00000000008943c65cAf789FFFCF953bE156f6f8
0x000C100050E98C91f9114fa5Dd75CE6869Bf4F53
0xC30FA8484B1c35696c4A8cF7391ee0671592203B
0x57Ab1ec28D129707052df4dF418D58a2D46d5f51
0x4575f41308EC1483f3d399aa9a2826d74Da13Deb
0x687BfC3E73f6af55F0CccA8450114D107E781a0e
0x285f585106d15a313e7E6155Be4C5557d2deAAB1
0x09400Ec683F70174E1217d6dcdBf42448E8De5d6
0x00000000001876eB1444c986fD502e618c587430
0x01522e6c543FF04E74842abD0F2AFEcC5EF5C281
0x849548F5D966017b6b49F6a3A740BBDb78176eDB
0xC0F9bD5Fa5698B6505F643900FFA515Ea5dF54A9
0xBA9262578EFef8b3aFf7F60Cd629d6CC8859C8b5
0xE650c2Aa677935Fb10c5e09fFa9Ad97D1fBc4e9f
0x23187365195E7059FA413B33ab46a465173EB787
0x01cd3D9dF5869ca7954745663bd6201C571E05Cf
0xA7Eb2bc82df18013ecC2A6C533fc29446442EDEe
0xe33297B993c89a55806932138804B0dBB8d7cA1c
0x19197796a9D890319D86b3f8f0226400b41679fD
0xC011a73ee8576Fb46F5E1c5751cA3B9Fe0af2a6F
0xAD7258d0054c03112a4f5489A4B24eC34a2fc787
0xC11b1268C1A384e55C48c2391d8d480264A3A7F4
0x5C24F19f91F4eA8A3F95cB21EbBeA053446D8632
0xfF0b8894CC44F300e124bcd39F95555816b8B1d5
0x2Ba3302C974B0B8d38ADf2E7Aa362c9bFF47d1Cc
0xC52b11283f4CA6bD20cbC4AdDD2C136a193F6aF1
0x3789A8cAc9D2Eb3Cb87c09CA3422b928c768b362
0xCEF90296332d6fdeA31417D7Dd679d78A549638B
0x00fC270C9cc13e878Ab5363D00354bebF6f05C15
0x5AD7BBb48b852c1C798BDB99911CBd59a5bFacfE
0x0f7F961648aE6Db43C75663aC7E5414Eb79b5704
0x23B608675a2B2fB1890d3ABBd85c5775c51691d5
0x392B9FAE896594586b4e6b080916c6872e74D44F
0x5E5Bc236D024Cd26BE780802aaf1E0dC118fc484
0x14094949152EDDBFcd073717200DA82fEd8dC960
0x04B272A21d9a0f0aE0caE2015E9C909596b82a4d
0xdBb0965046e142b4306ac453c7700BF768D6aC33
0x44262A6a07256F0711F815451F2CD1a028A0A755
0xe18E1789B96Fef7369095de1303c3acdcF03775A
0xBd56E9477Fc6997609Cf45F84795eFbDAC642Ff1
0x3A2505e1ba2D035C18E5492334763d2932Dcf504
0x4d96b67f5BDe58A622D9bF2B8a1906C8B084fAf4
0x2C6b9bbB0B17CF86b687f418f1d34FA92D15f6FC
0x00865a6CA2529862Be9344C4f88800741B737Ee9
0x486e27D56c0744970687927728598F8B96451Cc4
0x734317817bCf7254E6728B5A448A981D57d0a4fa
0xAF16308808361b203d4eD521cdde6dd2e9B168F0
0x5d3a536E4D6DbD6114cc1Ead35777bAB948E3643
0x2512658092E558910aeF76B4dB7Ebba701626A15
0x0027449Bf0887ca3E431D263FFDeFb244D95b555
0xc37a0d81D9610514db1047dE52e9A9093530D2E4
0xC2102b921b49ea863476fa5Cc9E5851dCE8cc699
0x01cC4151fe5f00EfB8dF2F90ff833725d3a482a3
0x016396044709EB3edc69C44f4d5Fa6996917E4e8
0xEc3de33967898c47Ec8fBb162B939C7014bD0601
0x5BC9845FA1Fd30B4eDcc468C0FE219C9030000d4
0x013A06558f07d9E6F9A00c95a33f3a0E0255176b
0x30BB2D30B3A3A3F4943f81d460b45D2dac5735DF
0xE5787927410b659cc4eA2441cDaa361f9D7b250C
0x83266A95429b903cC5e954bF61c7eddf8a52b971
0xFFee4DB0f30a43955398776A9524fDFF0680dD7f
0xf85753Fb0Dc0A6c9B4F230eb861708677ac3C00f
0x4665A6F4F78bc13ACECB328f5f22f0e4e66D2285
0x7eE12ffF0A8f975fCA5193825c215612A0eb07b7
0xE7bEd2E5FcA01F13E8230BF9b67963Ad231B81A6
0x06f65b8CfCb13a9FE37d836fE9708dA38Ecb29B2
0xAabFD407F367b632022b4bDe289D9c85F1A024d2
0xFdB47008B909d53D4E411306d5bA5af77491e871
0x619732bE53BdFB270eE889Cf3DFe6fceE4171261
0x20222979117A9B39030048423557A61eB5aBD681
0xffF3ada5A2555a2B59BfF4F44DFad90146CcE8CB
0x9B70e6AaC469c75f4044C78d416eE3bc1a92ac22
0xb0AE52A539E681B9d0d489FE34abA7A88f981d2e
0x4F9254C83EB525f9FCf346490bbb3ed28a81C667
0xC64CdA66Bc1d026b984D6BEE6aDBf71eAc8A099d
0x671C7886C61A18Fc6E94893A791eaa069D70eBA7
0xF013406A0B1d544238083DF0B93ad0d2cBE0f65f
0x83A0dC31700Af1772B7Ea84Fde7675ca6021b5dA
0x00059AE69c1622A7542EdC15E8d17b060fE307b6
0x00E150D741Eda1d49d341189CAE4c08a73a49C95
0xFFC97142863e9B2583588e3705e2322eF0369635
0x09fE5f0236F0Ea5D930197DCE254d77B04128075
0xeD99C18F90f61B45Abab533c5Eb021BD5a5F19C6
0x1B7395d7D8B289a78920A87ce12160BaCd304C51
0x19a5C979e96823A79F05d3E7658DdBc2d50Bd326
0x1A60E2E2A8BE0BC2B6381dd31Fd3fD5F9A28dE4c
0x01aF924198e893fC57A1b2D2BE5a6CC420B8764A
0xf53B56B6Fb98aaF514bcd28f6Fa6fd20C24E5c22
0x48786d243897C581e88b598D4F786Fb7169E08aC
0x6F3a5DCc36eEee5bd8B9B5Db3B6431187A8F1E17
0x01aa952C2aa0259198E403c10799557e9a6B1EC1
0xe109da5361299eD96D91146B8Cc12F682D21964e
0xDa5eD43B9B6E36b4f27cc6D8c1974532cdBd55F9
0x01C0987E88F778DF6640787226bc96354E1a9766
0x018d7D179350f1Bb9853D04982820E37ccE13a92
0x143b591DE9CFf2BaFFB717aC0d109Bc5C01e203e
0x6475A7FA6Ed2D5180F0e0a07c2d951D12C0EDB91
0x2AcC95758f8b5F583470ba265EB685a8F45fC9D5
